<?xml version="1.0" encoding="UTF-8"?>
<robot generator="Robot 6.0.1 (Python 3.11.0 on win32)" generated="20221111 16:51:28.598" rpa="false" schemaversion="3">
<suite id="s1" name="CalTaxRelief" source="D:\Learn\LearnDoc\TheOppenheimerProject\Tests\CalTaxRelief.robot">
<test id="s1-t1" name="Calculator validation tax relief with age: 17 AND Tax paid more than Salary by 1 dollar" line="78">
<kw name="Create Dictionary" library="BuiltIn">
<var>${headers}</var>
<arg>Content-Type=application/json</arg>
<doc>Creates and returns a dictionary based on the given ``items``.</doc>
<msg timestamp="20221111 16:51:28.945" level="INFO">${headers} = {'Content-Type': 'application/json'}</msg>
<status status="PASS" starttime="20221111 16:51:28.944" endtime="20221111 16:51:28.945"/>
</kw>
<kw name="Set Variable" library="BuiltIn">
<var>${age}</var>
<arg>17</arg>
<doc>Returns the given values which can then be assigned to a variables.</doc>
<msg timestamp="20221111 16:51:28.945" level="INFO">${age} = 17</msg>
<status status="PASS" starttime="20221111 16:51:28.945" endtime="20221111 16:51:28.945"/>
</kw>
<kw name="Set Variable" library="BuiltIn">
<var>${gender}</var>
<arg>m</arg>
<doc>Returns the given values which can then be assigned to a variables.</doc>
<msg timestamp="20221111 16:51:28.945" level="INFO">${gender} = m</msg>
<status status="PASS" starttime="20221111 16:51:28.945" endtime="20221111 16:51:28.945"/>
</kw>
<kw name="Set Variable" library="BuiltIn">
<var>${salary}</var>
<arg>500</arg>
<doc>Returns the given values which can then be assigned to a variables.</doc>
<msg timestamp="20221111 16:51:28.945" level="INFO">${salary} = 500</msg>
<status status="PASS" starttime="20221111 16:51:28.945" endtime="20221111 16:51:28.945"/>
</kw>
<kw name="Set Variable" library="BuiltIn">
<var>${taxpaid}</var>
<arg>501</arg>
<doc>Returns the given values which can then be assigned to a variables.</doc>
<msg timestamp="20221111 16:51:28.946" level="INFO">${taxpaid} = 501</msg>
<status status="PASS" starttime="20221111 16:51:28.945" endtime="20221111 16:51:28.946"/>
</kw>
<kw name="Set Variable" library="BuiltIn">
<var>${decimalplace}</var>
<arg>2</arg>
<doc>Returns the given values which can then be assigned to a variables.</doc>
<msg timestamp="20221111 16:51:28.946" level="INFO">${decimalplace} = 2</msg>
<status status="PASS" starttime="20221111 16:51:28.946" endtime="20221111 16:51:28.946"/>
</kw>
<kw name="Get Current Date" library="DateTime">
<var>${currDate}</var>
<doc>Returns current local or UTC time with an optional increment.</doc>
<msg timestamp="20221111 16:51:28.946" level="INFO">${currDate} = 2022-11-11 16:51:28.946</msg>
<status status="PASS" starttime="20221111 16:51:28.946" endtime="20221111 16:51:28.946"/>
</kw>
<kw name="Get Substring" library="String">
<var>${curryear}</var>
<arg>${currDate}</arg>
<arg>0</arg>
<arg>4</arg>
<doc>Returns a substring from ``start`` index to ``end`` index.</doc>
<msg timestamp="20221111 16:51:28.946" level="INFO">${curryear} = 2022</msg>
<status status="PASS" starttime="20221111 16:51:28.946" endtime="20221111 16:51:28.946"/>
</kw>
<kw name="calculate birthday with currentDate by age">
<var>${newbirthday}</var>
<arg>${curryear}</arg>
<arg>${age}</arg>
<kw name="Set Variable" library="BuiltIn">
<var>${year}</var>
<arg>${${arg1} - ${arg}}</arg>
<doc>Returns the given values which can then be assigned to a variables.</doc>
<msg timestamp="20221111 16:51:28.947" level="INFO">${year} = 2005</msg>
<status status="PASS" starttime="20221111 16:51:28.947" endtime="20221111 16:51:28.947"/>
</kw>
<kw name="Set Variable" library="BuiltIn">
<var>${arg}</var>
<arg>${${arg} * 365.25}</arg>
<doc>Returns the given values which can then be assigned to a variables.</doc>
<msg timestamp="20221111 16:51:28.948" level="INFO">${arg} = 6209.25</msg>
<status status="PASS" starttime="20221111 16:51:28.947" endtime="20221111 16:51:28.948"/>
</kw>
<kw name="Get Current Date" library="DateTime">
<var>${currDate}</var>
<doc>Returns current local or UTC time with an optional increment.</doc>
<msg timestamp="20221111 16:51:28.948" level="INFO">${currDate} = 2022-11-11 16:51:28.948</msg>
<status status="PASS" starttime="20221111 16:51:28.948" endtime="20221111 16:51:28.948"/>
</kw>
<kw name="Subtract Time From Date" library="DateTime">
<var>${date1}</var>
<arg>${currDate}</arg>
<arg>${arg} days</arg>
<arg>result_format=%d%m%y</arg>
<doc>Subtracts time from date and returns the resulting date.</doc>
<msg timestamp="20221111 16:51:28.950" level="INFO">${date1} = 111105</msg>
<status status="PASS" starttime="20221111 16:51:28.948" endtime="20221111 16:51:28.950"/>
</kw>
<kw name="Get Substring" library="String">
<var>${day}</var>
<arg>${date1}</arg>
<arg>0</arg>
<arg>2</arg>
<doc>Returns a substring from ``start`` index to ``end`` index.</doc>
<msg timestamp="20221111 16:51:28.950" level="INFO">${day} = 11</msg>
<status status="PASS" starttime="20221111 16:51:28.950" endtime="20221111 16:51:28.950"/>
</kw>
<kw name="Get Substring" library="String">
<var>${mth}</var>
<arg>${date1}</arg>
<arg>2</arg>
<arg>4</arg>
<doc>Returns a substring from ``start`` index to ``end`` index.</doc>
<msg timestamp="20221111 16:51:28.951" level="INFO">${mth} = 11</msg>
<status status="PASS" starttime="20221111 16:51:28.950" endtime="20221111 16:51:28.951"/>
</kw>
<kw name="Catenate" library="BuiltIn">
<var>${newbirthday}</var>
<arg>SEPARATOR=</arg>
<arg>${day}</arg>
<arg>${mth}</arg>
<doc>Catenates the given items together and returns the resulted string.</doc>
<msg timestamp="20221111 16:51:28.951" level="INFO">${newbirthday} = 1111</msg>
<status status="PASS" starttime="20221111 16:51:28.951" endtime="20221111 16:51:28.951"/>
</kw>
<kw name="Catenate" library="BuiltIn">
<var>${newbirthday}</var>
<arg>SEPARATOR=</arg>
<arg>${newbirthday}</arg>
<arg>${year}</arg>
<doc>Catenates the given items together and returns the resulted string.</doc>
<msg timestamp="20221111 16:51:28.951" level="INFO">${newbirthday} = 11112005</msg>
<status status="PASS" starttime="20221111 16:51:28.951" endtime="20221111 16:51:28.951"/>
</kw>
<kw name="Convert To String" library="BuiltIn">
<var>${newbirthday}</var>
<arg>${newbirthday}</arg>
<doc>Converts the given item to a Unicode string.</doc>
<msg timestamp="20221111 16:51:28.951" level="INFO">${newbirthday} = 11112005</msg>
<status status="PASS" starttime="20221111 16:51:28.951" endtime="20221111 16:51:28.951"/>
</kw>
<return>
<value>${newbirthday}</value>
<status status="PASS" starttime="20221111 16:51:28.951" endtime="20221111 16:51:28.951"/>
</return>
<msg timestamp="20221111 16:51:28.951" level="INFO">${newbirthday} = 11112005</msg>
<status status="PASS" starttime="20221111 16:51:28.947" endtime="20221111 16:51:28.951"/>
</kw>
<kw name="POST" library="REST">
<var>${response}</var>
<arg>${api_url}/calculator/insert</arg>
<arg>{"birthday": "${newbirthday}", "gender": "${gender}", "name": "user", "natid": "11325", "salary": "${salary}", "tax": "${taxpaid}"}</arg>
<arg>headers=&amp;{headers}</arg>
<tag>http</tag>
<doc>*Sends a POST request to the endpoint.*</doc>
<msg timestamp="20221111 16:51:29.081" level="WARN">Response body content is not JSON. Content-Type is: application/json;charset=UTF-8</msg>
<msg timestamp="20221111 16:51:29.082" level="INFO">${response} = {'seconds': 0.12553799999999998, 'status': 202, 'reason': '', 'body': 'Alright', 'headers': {'Content-Type': 'application/json;charset=UTF-8', 'Content-Length': '7', 'Date': 'Fri, 11 Nov 2022 08:51:29...</msg>
<status status="PASS" starttime="20221111 16:51:28.952" endtime="20221111 16:51:29.082"/>
</kw>
<kw name="Integer" library="REST">
<arg>response status</arg>
<arg>202</arg>
<tag>assertions</tag>
<doc>*Asserts the field as JSON integer.*</doc>
<status status="PASS" starttime="20221111 16:51:29.083" endtime="20221111 16:51:29.084"/>
</kw>
<kw name="GET" library="REST">
<var>${response}</var>
<arg>${api_url}/calculator/taxRelief</arg>
<arg>headers=&amp;{headers}</arg>
<tag>http</tag>
<doc>*Sends a GET request to the endpoint.*</doc>
<msg timestamp="20221111 16:51:29.184" level="INFO">${response} = {'seconds': 0.09799899999999999, 'status': 200, 'reason': '', 'body': [{'natid': '1132$', 'name': 'user', 'relief': '50.00'}], 'headers': {'Content-Type': 'application/json;charset=UTF-8', 'Transfer-E...</msg>
<status status="PASS" starttime="20221111 16:51:29.084" endtime="20221111 16:51:29.184"/>
</kw>
<kw name="Integer" library="REST">
<arg>response status</arg>
<arg>200</arg>
<tag>assertions</tag>
<doc>*Asserts the field as JSON integer.*</doc>
<status status="PASS" starttime="20221111 16:51:29.184" endtime="20221111 16:51:29.185"/>
</kw>
<kw name="Array" library="REST">
<var>${resArray}</var>
<arg>response body</arg>
<tag>assertions</tag>
<doc>*Asserts the field as JSON array.*</doc>
<msg timestamp="20221111 16:51:29.187" level="INFO">${resArray} = [[{'natid': '1132$', 'name': 'user', 'relief': '50.00'}]]</msg>
<status status="PASS" starttime="20221111 16:51:29.185" endtime="20221111 16:51:29.187"/>
</kw>
<kw name="Convert To String" library="BuiltIn">
<var>${targetfield}</var>
<arg>${resArray}[-1][-1]</arg>
<doc>Converts the given item to a Unicode string.</doc>
<msg timestamp="20221111 16:51:29.187" level="INFO">${targetfield} = {'natid': '1132$', 'name': 'user', 'relief': '50.00'}</msg>
<status status="PASS" starttime="20221111 16:51:29.187" endtime="20221111 16:51:29.187"/>
</kw>
<kw name="Log To Console" library="BuiltIn">
<arg>${targetfield}</arg>
<doc>Logs the given message to the console.</doc>
<status status="PASS" starttime="20221111 16:51:29.187" endtime="20221111 16:51:29.187"/>
</kw>
<kw name="Convert To Number" library="BuiltIn">
<var>${salary}</var>
<arg>${salary}</arg>
<arg>${decimalplace}</arg>
<doc>Converts the given item to a floating point number.</doc>
<msg timestamp="20221111 16:51:29.188" level="INFO">${salary} = 500.0</msg>
<status status="PASS" starttime="20221111 16:51:29.187" endtime="20221111 16:51:29.188"/>
</kw>
<kw name="Convert To Number" library="BuiltIn">
<var>${taxpaid}</var>
<arg>${taxpaid}</arg>
<arg>${decimalplace}</arg>
<doc>Converts the given item to a floating point number.</doc>
<msg timestamp="20221111 16:51:29.188" level="INFO">${taxpaid} = 501.0</msg>
<status status="PASS" starttime="20221111 16:51:29.188" endtime="20221111 16:51:29.188"/>
</kw>
<kw name="calculate tax relief by salary, taxpaid, age and gender">
<var>${relief}</var>
<arg>${salary}</arg>
<arg>${taxpaid}</arg>
<arg>${age}</arg>
<arg>${gender}</arg>
<arg>${decimalplace}</arg>
<kw name="Evaluate" library="BuiltIn">
<var>${decimalplace}</var>
<arg>${decimalplace} - 1</arg>
<doc>Evaluates the given expression in Python and returns the result.</doc>
<msg timestamp="20221111 16:51:29.189" level="INFO">${decimalplace} = 1</msg>
<status status="PASS" starttime="20221111 16:51:29.189" endtime="20221111 16:51:29.189"/>
</kw>
<kw name="Evaluate" library="BuiltIn">
<var>${taxrelief}</var>
<arg>${salary1} - ${taxpaid1}</arg>
<doc>Evaluates the given expression in Python and returns the result.</doc>
<msg timestamp="20221111 16:51:29.189" level="INFO">${taxrelief} = -1.0</msg>
<status status="PASS" starttime="20221111 16:51:29.189" endtime="20221111 16:51:29.189"/>
</kw>
<kw name="Convert To String" library="BuiltIn">
<var>${taxrelief}</var>
<arg>${taxrelief}</arg>
<doc>Converts the given item to a Unicode string.</doc>
<msg timestamp="20221111 16:51:29.189" level="INFO">${taxrelief} = -1.0</msg>
<status status="PASS" starttime="20221111 16:51:29.189" endtime="20221111 16:51:29.189"/>
</kw>
<kw name="Evaluate" library="BuiltIn">
<var>${Ptax}</var>
<arg>"${taxrelief}".split(".")</arg>
<doc>Evaluates the given expression in Python and returns the result.</doc>
<msg timestamp="20221111 16:51:29.189" level="INFO">${Ptax} = ['-1', '0']</msg>
<status status="PASS" starttime="20221111 16:51:29.189" endtime="20221111 16:51:29.189"/>
</kw>
<kw name="Get Substring" library="String">
<var>${Ptax[1]}</var>
<arg>${Ptax[1]}</arg>
<arg>0</arg>
<arg>${decimalplace}</arg>
<doc>Returns a substring from ``start`` index to ``end`` index.</doc>
<msg timestamp="20221111 16:51:29.190" level="INFO">${Ptax[1]} = 0</msg>
<status status="PASS" starttime="20221111 16:51:29.189" endtime="20221111 16:51:29.190"/>
</kw>
<kw name="Catenate" library="BuiltIn">
<var>${newtaxrelief}</var>
<arg>SEPARATOR=.</arg>
<arg>${Ptax[0]}</arg>
<arg>${Ptax[1]}</arg>
<doc>Catenates the given items together and returns the resulted string.</doc>
<msg timestamp="20221111 16:51:29.190" level="INFO">${newtaxrelief} = -1.0</msg>
<status status="PASS" starttime="20221111 16:51:29.190" endtime="20221111 16:51:29.190"/>
</kw>
<if>
<branch type="IF" condition="${Ptax[1]} &lt; 5">
<kw name="Evaluate" library="BuiltIn">
<var>${decimalplace}</var>
<arg>${decimalplace} - 1</arg>
<doc>Evaluates the given expression in Python and returns the result.</doc>
<msg timestamp="20221111 16:51:29.191" level="INFO">${decimalplace} = 0</msg>
<status status="PASS" starttime="20221111 16:51:29.191" endtime="20221111 16:51:29.191"/>
</kw>
<status status="PASS" starttime="20221111 16:51:29.190" endtime="20221111 16:51:29.191"/>
</branch>
<status status="PASS" starttime="20221111 16:51:29.190" endtime="20221111 16:51:29.191"/>
</if>
<kw name="Convert To Number" library="BuiltIn">
<var>${taxrelief}</var>
<arg>${newtaxrelief}</arg>
<arg>${decimalplace}</arg>
<doc>Converts the given item to a floating point number.</doc>
<msg timestamp="20221111 16:51:29.191" level="INFO">${taxrelief} = -1.0</msg>
<status status="PASS" starttime="20221111 16:51:29.191" endtime="20221111 16:51:29.191"/>
</kw>
<if>
<branch type="IF" condition="0 &lt; ${age1} &lt; 19">
<kw name="Evaluate" library="BuiltIn">
<var>${taxrelief}</var>
<arg>${taxrelief}*1</arg>
<doc>Evaluates the given expression in Python and returns the result.</doc>
<msg timestamp="20221111 16:51:29.191" level="INFO">${taxrelief} = -1.0</msg>
<status status="PASS" starttime="20221111 16:51:29.191" endtime="20221111 16:51:29.191"/>
</kw>
<status status="PASS" starttime="20221111 16:51:29.191" endtime="20221111 16:51:29.191"/>
</branch>
<branch type="ELSE IF" condition="18 &lt; ${age1} &lt; 36">
<kw name="Evaluate" library="BuiltIn">
<var>${taxrelief}</var>
<arg>${taxrelief}*0.8</arg>
<doc>Evaluates the given expression in Python and returns the result.</doc>
<status status="NOT RUN" starttime="20221111 16:51:29.191" endtime="20221111 16:51:29.191"/>
</kw>
<status status="NOT RUN" starttime="20221111 16:51:29.191" endtime="20221111 16:51:29.191"/>
</branch>
<branch type="ELSE IF" condition="35 &lt; ${age1} &lt; 51">
<kw name="Evaluate" library="BuiltIn">
<var>${taxrelief}</var>
<arg>${taxrelief}*0.5</arg>
<doc>Evaluates the given expression in Python and returns the result.</doc>
<status status="NOT RUN" starttime="20221111 16:51:29.192" endtime="20221111 16:51:29.192"/>
</kw>
<status status="NOT RUN" starttime="20221111 16:51:29.191" endtime="20221111 16:51:29.192"/>
</branch>
<branch type="ELSE IF" condition="50 &lt; ${age1} &lt; 76">
<kw name="Evaluate" library="BuiltIn">
<var>${taxrelief}</var>
<arg>${taxrelief}*0.367</arg>
<doc>Evaluates the given expression in Python and returns the result.</doc>
<status status="NOT RUN" starttime="20221111 16:51:29.192" endtime="20221111 16:51:29.192"/>
</kw>
<status status="NOT RUN" starttime="20221111 16:51:29.192" endtime="20221111 16:51:29.192"/>
</branch>
<branch type="ELSE IF" condition="75 &lt; ${age1}">
<kw name="Evaluate" library="BuiltIn">
<var>${taxrelief}</var>
<arg>${taxrelief}*0.05</arg>
<doc>Evaluates the given expression in Python and returns the result.</doc>
<status status="NOT RUN" starttime="20221111 16:51:29.192" endtime="20221111 16:51:29.192"/>
</kw>
<status status="NOT RUN" starttime="20221111 16:51:29.192" endtime="20221111 16:51:29.192"/>
</branch>
<status status="PASS" starttime="20221111 16:51:29.191" endtime="20221111 16:51:29.192"/>
</if>
<if>
<branch type="IF" condition="&quot;${gender1}&quot; == &quot;f&quot;">
<kw name="Evaluate" library="BuiltIn">
<var>${taxrelief}</var>
<arg>${taxrelief}+500</arg>
<doc>Evaluates the given expression in Python and returns the result.</doc>
<status status="NOT RUN" starttime="20221111 16:51:29.192" endtime="20221111 16:51:29.192"/>
</kw>
<status status="NOT RUN" starttime="20221111 16:51:29.192" endtime="20221111 16:51:29.192"/>
</branch>
<branch type="ELSE">
<kw name="Evaluate" library="BuiltIn">
<var>${taxrelief}</var>
<arg>${taxrelief}+0</arg>
<doc>Evaluates the given expression in Python and returns the result.</doc>
<msg timestamp="20221111 16:51:29.192" level="INFO">${taxrelief} = -1.0</msg>
<status status="PASS" starttime="20221111 16:51:29.192" endtime="20221111 16:51:29.192"/>
</kw>
<status status="PASS" starttime="20221111 16:51:29.192" endtime="20221111 16:51:29.192"/>
</branch>
<status status="PASS" starttime="20221111 16:51:29.192" endtime="20221111 16:51:29.192"/>
</if>
<if>
<branch type="IF" condition="0 &lt; ${taxrelief} &lt; 50">
<kw name="Set Variable" library="BuiltIn">
<var>${taxrelief}</var>
<arg>50</arg>
<doc>Returns the given values which can then be assigned to a variables.</doc>
<status status="NOT RUN" starttime="20221111 16:51:29.192" endtime="20221111 16:51:29.193"/>
</kw>
<status status="NOT RUN" starttime="20221111 16:51:29.192" endtime="20221111 16:51:29.193"/>
</branch>
<branch type="ELSE IF" condition="0 &gt; ${taxrelief}">
<kw name="Set Variable" library="BuiltIn">
<var>${taxrelief}</var>
<arg>50</arg>
<doc>Returns the given values which can then be assigned to a variables.</doc>
<msg timestamp="20221111 16:51:29.193" level="INFO">${taxrelief} = 50</msg>
<status status="PASS" starttime="20221111 16:51:29.193" endtime="20221111 16:51:29.193"/>
</kw>
<status status="PASS" starttime="20221111 16:51:29.193" endtime="20221111 16:51:29.193"/>
</branch>
<branch type="ELSE IF" condition="0== ${taxrelief}">
<kw name="Set Variable" library="BuiltIn">
<var>${taxrelief}</var>
<arg>125</arg>
<doc>Returns the given values which can then be assigned to a variables.</doc>
<status status="NOT RUN" starttime="20221111 16:51:29.193" endtime="20221111 16:51:29.193"/>
</kw>
<status status="NOT RUN" starttime="20221111 16:51:29.193" endtime="20221111 16:51:29.193"/>
</branch>
<status status="PASS" starttime="20221111 16:51:29.192" endtime="20221111 16:51:29.193"/>
</if>
<return>
<value>${taxrelief}</value>
<status status="PASS" starttime="20221111 16:51:29.193" endtime="20221111 16:51:29.193"/>
</return>
<msg timestamp="20221111 16:51:29.193" level="INFO">${relief} = 50</msg>
<status status="PASS" starttime="20221111 16:51:29.188" endtime="20221111 16:51:29.193"/>
</kw>
<kw name="Log To Console" library="BuiltIn">
<arg>${relief}</arg>
<doc>Logs the given message to the console.</doc>
<status status="PASS" starttime="20221111 16:51:29.193" endtime="20221111 16:51:29.193"/>
</kw>
<kw name="Should Contain Any" library="BuiltIn">
<arg>${targetfield}</arg>
<arg>relief': '${relief}</arg>
<doc>Fails if ``container`` does not contain any of the ``*items``.</doc>
<status status="PASS" starttime="20221111 16:51:29.194" endtime="20221111 16:51:29.194"/>
</kw>
<status status="PASS" starttime="20221111 16:51:28.944" endtime="20221111 16:51:29.194"/>
</test>
<test id="s1-t2" name="Calculator validation tax relief with age: 17 AND Salary more than Tax paid by 1 dollar" line="102">
<kw name="Create Dictionary" library="BuiltIn">
<var>${headers}</var>
<arg>Content-Type=application/json</arg>
<doc>Creates and returns a dictionary based on the given ``items``.</doc>
<msg timestamp="20221111 16:51:29.195" level="INFO">${headers} = {'Content-Type': 'application/json'}</msg>
<status status="PASS" starttime="20221111 16:51:29.195" endtime="20221111 16:51:29.195"/>
</kw>
<kw name="Set Variable" library="BuiltIn">
<var>${age}</var>
<arg>17</arg>
<doc>Returns the given values which can then be assigned to a variables.</doc>
<msg timestamp="20221111 16:51:29.195" level="INFO">${age} = 17</msg>
<status status="PASS" starttime="20221111 16:51:29.195" endtime="20221111 16:51:29.195"/>
</kw>
<kw name="Set Variable" library="BuiltIn">
<var>${gender}</var>
<arg>m</arg>
<doc>Returns the given values which can then be assigned to a variables.</doc>
<msg timestamp="20221111 16:51:29.195" level="INFO">${gender} = m</msg>
<status status="PASS" starttime="20221111 16:51:29.195" endtime="20221111 16:51:29.196"/>
</kw>
<kw name="Set Variable" library="BuiltIn">
<var>${salary}</var>
<arg>501</arg>
<doc>Returns the given values which can then be assigned to a variables.</doc>
<msg timestamp="20221111 16:51:29.196" level="INFO">${salary} = 501</msg>
<status status="PASS" starttime="20221111 16:51:29.196" endtime="20221111 16:51:29.196"/>
</kw>
<kw name="Set Variable" library="BuiltIn">
<var>${taxpaid}</var>
<arg>500</arg>
<doc>Returns the given values which can then be assigned to a variables.</doc>
<msg timestamp="20221111 16:51:29.196" level="INFO">${taxpaid} = 500</msg>
<status status="PASS" starttime="20221111 16:51:29.196" endtime="20221111 16:51:29.196"/>
</kw>
<kw name="Set Variable" library="BuiltIn">
<var>${decimalplace}</var>
<arg>2</arg>
<doc>Returns the given values which can then be assigned to a variables.</doc>
<msg timestamp="20221111 16:51:29.196" level="INFO">${decimalplace} = 2</msg>
<status status="PASS" starttime="20221111 16:51:29.196" endtime="20221111 16:51:29.196"/>
</kw>
<kw name="Get Current Date" library="DateTime">
<var>${currDate}</var>
<doc>Returns current local or UTC time with an optional increment.</doc>
<msg timestamp="20221111 16:51:29.196" level="INFO">${currDate} = 2022-11-11 16:51:29.196</msg>
<status status="PASS" starttime="20221111 16:51:29.196" endtime="20221111 16:51:29.197"/>
</kw>
<kw name="Get Substring" library="String">
<var>${curryear}</var>
<arg>${currDate}</arg>
<arg>0</arg>
<arg>4</arg>
<doc>Returns a substring from ``start`` index to ``end`` index.</doc>
<msg timestamp="20221111 16:51:29.197" level="INFO">${curryear} = 2022</msg>
<status status="PASS" starttime="20221111 16:51:29.197" endtime="20221111 16:51:29.197"/>
</kw>
<kw name="calculate birthday with currentDate by age">
<var>${newbirthday}</var>
<arg>${curryear}</arg>
<arg>${age}</arg>
<kw name="Set Variable" library="BuiltIn">
<var>${year}</var>
<arg>${${arg1} - ${arg}}</arg>
<doc>Returns the given values which can then be assigned to a variables.</doc>
<msg timestamp="20221111 16:51:29.198" level="INFO">${year} = 2005</msg>
<status status="PASS" starttime="20221111 16:51:29.197" endtime="20221111 16:51:29.198"/>
</kw>
<kw name="Set Variable" library="BuiltIn">
<var>${arg}</var>
<arg>${${arg} * 365.25}</arg>
<doc>Returns the given values which can then be assigned to a variables.</doc>
<msg timestamp="20221111 16:51:29.198" level="INFO">${arg} = 6209.25</msg>
<status status="PASS" starttime="20221111 16:51:29.198" endtime="20221111 16:51:29.198"/>
</kw>
<kw name="Get Current Date" library="DateTime">
<var>${currDate}</var>
<doc>Returns current local or UTC time with an optional increment.</doc>
<msg timestamp="20221111 16:51:29.198" level="INFO">${currDate} = 2022-11-11 16:51:29.198</msg>
<status status="PASS" starttime="20221111 16:51:29.198" endtime="20221111 16:51:29.198"/>
</kw>
<kw name="Subtract Time From Date" library="DateTime">
<var>${date1}</var>
<arg>${currDate}</arg>
<arg>${arg} days</arg>
<arg>result_format=%d%m%y</arg>
<doc>Subtracts time from date and returns the resulting date.</doc>
<msg timestamp="20221111 16:51:29.199" level="INFO">${date1} = 111105</msg>
<status status="PASS" starttime="20221111 16:51:29.199" endtime="20221111 16:51:29.199"/>
</kw>
<kw name="Get Substring" library="String">
<var>${day}</var>
<arg>${date1}</arg>
<arg>0</arg>
<arg>2</arg>
<doc>Returns a substring from ``start`` index to ``end`` index.</doc>
<msg timestamp="20221111 16:51:29.199" level="INFO">${day} = 11</msg>
<status status="PASS" starttime="20221111 16:51:29.199" endtime="20221111 16:51:29.199"/>
</kw>
<kw name="Get Substring" library="String">
<var>${mth}</var>
<arg>${date1}</arg>
<arg>2</arg>
<arg>4</arg>
<doc>Returns a substring from ``start`` index to ``end`` index.</doc>
<msg timestamp="20221111 16:51:29.199" level="INFO">${mth} = 11</msg>
<status status="PASS" starttime="20221111 16:51:29.199" endtime="20221111 16:51:29.199"/>
</kw>
<kw name="Catenate" library="BuiltIn">
<var>${newbirthday}</var>
<arg>SEPARATOR=</arg>
<arg>${day}</arg>
<arg>${mth}</arg>
<doc>Catenates the given items together and returns the resulted string.</doc>
<msg timestamp="20221111 16:51:29.199" level="INFO">${newbirthday} = 1111</msg>
<status status="PASS" starttime="20221111 16:51:29.199" endtime="20221111 16:51:29.199"/>
</kw>
<kw name="Catenate" library="BuiltIn">
<var>${newbirthday}</var>
<arg>SEPARATOR=</arg>
<arg>${newbirthday}</arg>
<arg>${year}</arg>
<doc>Catenates the given items together and returns the resulted string.</doc>
<msg timestamp="20221111 16:51:29.200" level="INFO">${newbirthday} = 11112005</msg>
<status status="PASS" starttime="20221111 16:51:29.200" endtime="20221111 16:51:29.200"/>
</kw>
<kw name="Convert To String" library="BuiltIn">
<var>${newbirthday}</var>
<arg>${newbirthday}</arg>
<doc>Converts the given item to a Unicode string.</doc>
<msg timestamp="20221111 16:51:29.200" level="INFO">${newbirthday} = 11112005</msg>
<status status="PASS" starttime="20221111 16:51:29.200" endtime="20221111 16:51:29.200"/>
</kw>
<return>
<value>${newbirthday}</value>
<status status="PASS" starttime="20221111 16:51:29.200" endtime="20221111 16:51:29.200"/>
</return>
<msg timestamp="20221111 16:51:29.200" level="INFO">${newbirthday} = 11112005</msg>
<status status="PASS" starttime="20221111 16:51:29.197" endtime="20221111 16:51:29.200"/>
</kw>
<kw name="POST" library="REST">
<var>${response}</var>
<arg>${api_url}/calculator/insert</arg>
<arg>{"birthday": "${newbirthday}", "gender": "${gender}", "name": "user", "natid": "11325", "salary": "${salary}", "tax": "${taxpaid}"}</arg>
<arg>headers=&amp;{headers}</arg>
<tag>http</tag>
<doc>*Sends a POST request to the endpoint.*</doc>
<msg timestamp="20221111 16:51:29.205" level="WARN">Response body content is not JSON. Content-Type is: application/json;charset=UTF-8</msg>
<msg timestamp="20221111 16:51:29.206" level="INFO">${response} = {'seconds': 0.003944, 'status': 202, 'reason': '', 'body': 'Alright', 'headers': {'Content-Type': 'application/json;charset=UTF-8', 'Content-Length': '7', 'Date': 'Fri, 11 Nov 2022 08:51:29 GMT'}}</msg>
<status status="PASS" starttime="20221111 16:51:29.200" endtime="20221111 16:51:29.206"/>
</kw>
<kw name="Integer" library="REST">
<arg>response status</arg>
<arg>202</arg>
<tag>assertions</tag>
<doc>*Asserts the field as JSON integer.*</doc>
<status status="PASS" starttime="20221111 16:51:29.206" endtime="20221111 16:51:29.207"/>
</kw>
<kw name="GET" library="REST">
<var>${response}</var>
<arg>${api_url}/calculator/taxRelief</arg>
<arg>headers=&amp;{headers}</arg>
<tag>http</tag>
<doc>*Sends a GET request to the endpoint.*</doc>
<msg timestamp="20221111 16:51:29.213" level="INFO">${response} = {'seconds': 0.005057000000000001, 'status': 200, 'reason': '', 'body': [{'natid': '1132$', 'name': 'user', 'relief': '50.00'}, {'natid': '1132$', 'name': 'user', 'relief': '50.00'}], 'headers': {'Cont...</msg>
<status status="PASS" starttime="20221111 16:51:29.207" endtime="20221111 16:51:29.213"/>
</kw>
<kw name="Integer" library="REST">
<arg>response status</arg>
<arg>200</arg>
<tag>assertions</tag>
<doc>*Asserts the field as JSON integer.*</doc>
<status status="PASS" starttime="20221111 16:51:29.214" endtime="20221111 16:51:29.214"/>
</kw>
<kw name="Array" library="REST">
<var>${resArray}</var>
<arg>response body</arg>
<tag>assertions</tag>
<doc>*Asserts the field as JSON array.*</doc>
<msg timestamp="20221111 16:51:29.216" level="INFO">${resArray} = [[{'natid': '1132$', 'name': 'user', 'relief': '50.00'}, {'natid': '1132$', 'name': 'user', 'relief': '50.00'}]]</msg>
<status status="PASS" starttime="20221111 16:51:29.215" endtime="20221111 16:51:29.216"/>
</kw>
<kw name="Convert To String" library="BuiltIn">
<var>${targetfield}</var>
<arg>${resArray}[-1][-1]</arg>
<doc>Converts the given item to a Unicode string.</doc>
<msg timestamp="20221111 16:51:29.216" level="INFO">${targetfield} = {'natid': '1132$', 'name': 'user', 'relief': '50.00'}</msg>
<status status="PASS" starttime="20221111 16:51:29.216" endtime="20221111 16:51:29.216"/>
</kw>
<kw name="Log To Console" library="BuiltIn">
<arg>${targetfield}</arg>
<doc>Logs the given message to the console.</doc>
<status status="PASS" starttime="20221111 16:51:29.216" endtime="20221111 16:51:29.217"/>
</kw>
<kw name="Convert To Number" library="BuiltIn">
<var>${salary}</var>
<arg>${salary}</arg>
<arg>${decimalplace}</arg>
<doc>Converts the given item to a floating point number.</doc>
<msg timestamp="20221111 16:51:29.217" level="INFO">${salary} = 501.0</msg>
<status status="PASS" starttime="20221111 16:51:29.217" endtime="20221111 16:51:29.217"/>
</kw>
<kw name="Convert To Number" library="BuiltIn">
<var>${taxpaid}</var>
<arg>${taxpaid}</arg>
<arg>${decimalplace}</arg>
<doc>Converts the given item to a floating point number.</doc>
<msg timestamp="20221111 16:51:29.217" level="INFO">${taxpaid} = 500.0</msg>
<status status="PASS" starttime="20221111 16:51:29.217" endtime="20221111 16:51:29.217"/>
</kw>
<kw name="calculate tax relief by salary, taxpaid, age and gender">
<var>${relief}</var>
<arg>${salary}</arg>
<arg>${taxpaid}</arg>
<arg>${age}</arg>
<arg>${gender}</arg>
<arg>${decimalplace}</arg>
<kw name="Evaluate" library="BuiltIn">
<var>${decimalplace}</var>
<arg>${decimalplace} - 1</arg>
<doc>Evaluates the given expression in Python and returns the result.</doc>
<msg timestamp="20221111 16:51:29.218" level="INFO">${decimalplace} = 1</msg>
<status status="PASS" starttime="20221111 16:51:29.218" endtime="20221111 16:51:29.218"/>
</kw>
<kw name="Evaluate" library="BuiltIn">
<var>${taxrelief}</var>
<arg>${salary1} - ${taxpaid1}</arg>
<doc>Evaluates the given expression in Python and returns the result.</doc>
<msg timestamp="20221111 16:51:29.218" level="INFO">${taxrelief} = 1.0</msg>
<status status="PASS" starttime="20221111 16:51:29.218" endtime="20221111 16:51:29.218"/>
</kw>
<kw name="Convert To String" library="BuiltIn">
<var>${taxrelief}</var>
<arg>${taxrelief}</arg>
<doc>Converts the given item to a Unicode string.</doc>
<msg timestamp="20221111 16:51:29.218" level="INFO">${taxrelief} = 1.0</msg>
<status status="PASS" starttime="20221111 16:51:29.218" endtime="20221111 16:51:29.218"/>
</kw>
<kw name="Evaluate" library="BuiltIn">
<var>${Ptax}</var>
<arg>"${taxrelief}".split(".")</arg>
<doc>Evaluates the given expression in Python and returns the result.</doc>
<msg timestamp="20221111 16:51:29.218" level="INFO">${Ptax} = ['1', '0']</msg>
<status status="PASS" starttime="20221111 16:51:29.218" endtime="20221111 16:51:29.218"/>
</kw>
<kw name="Get Substring" library="String">
<var>${Ptax[1]}</var>
<arg>${Ptax[1]}</arg>
<arg>0</arg>
<arg>${decimalplace}</arg>
<doc>Returns a substring from ``start`` index to ``end`` index.</doc>
<msg timestamp="20221111 16:51:29.219" level="INFO">${Ptax[1]} = 0</msg>
<status status="PASS" starttime="20221111 16:51:29.218" endtime="20221111 16:51:29.219"/>
</kw>
<kw name="Catenate" library="BuiltIn">
<var>${newtaxrelief}</var>
<arg>SEPARATOR=.</arg>
<arg>${Ptax[0]}</arg>
<arg>${Ptax[1]}</arg>
<doc>Catenates the given items together and returns the resulted string.</doc>
<msg timestamp="20221111 16:51:29.220" level="INFO">${newtaxrelief} = 1.0</msg>
<status status="PASS" starttime="20221111 16:51:29.219" endtime="20221111 16:51:29.220"/>
</kw>
<if>
<branch type="IF" condition="${Ptax[1]} &lt; 5">
<kw name="Evaluate" library="BuiltIn">
<var>${decimalplace}</var>
<arg>${decimalplace} - 1</arg>
<doc>Evaluates the given expression in Python and returns the result.</doc>
<msg timestamp="20221111 16:51:29.220" level="INFO">${decimalplace} = 0</msg>
<status status="PASS" starttime="20221111 16:51:29.220" endtime="20221111 16:51:29.220"/>
</kw>
<status status="PASS" starttime="20221111 16:51:29.220" endtime="20221111 16:51:29.220"/>
</branch>
<status status="PASS" starttime="20221111 16:51:29.220" endtime="20221111 16:51:29.220"/>
</if>
<kw name="Convert To Number" library="BuiltIn">
<var>${taxrelief}</var>
<arg>${newtaxrelief}</arg>
<arg>${decimalplace}</arg>
<doc>Converts the given item to a floating point number.</doc>
<msg timestamp="20221111 16:51:29.220" level="INFO">${taxrelief} = 1.0</msg>
<status status="PASS" starttime="20221111 16:51:29.220" endtime="20221111 16:51:29.220"/>
</kw>
<if>
<branch type="IF" condition="0 &lt; ${age1} &lt; 19">
<kw name="Evaluate" library="BuiltIn">
<var>${taxrelief}</var>
<arg>${taxrelief}*1</arg>
<doc>Evaluates the given expression in Python and returns the result.</doc>
<msg timestamp="20221111 16:51:29.220" level="INFO">${taxrelief} = 1.0</msg>
<status status="PASS" starttime="20221111 16:51:29.220" endtime="20221111 16:51:29.220"/>
</kw>
<status status="PASS" starttime="20221111 16:51:29.220" endtime="20221111 16:51:29.221"/>
</branch>
<branch type="ELSE IF" condition="18 &lt; ${age1} &lt; 36">
<kw name="Evaluate" library="BuiltIn">
<var>${taxrelief}</var>
<arg>${taxrelief}*0.8</arg>
<doc>Evaluates the given expression in Python and returns the result.</doc>
<status status="NOT RUN" starttime="20221111 16:51:29.221" endtime="20221111 16:51:29.221"/>
</kw>
<status status="NOT RUN" starttime="20221111 16:51:29.221" endtime="20221111 16:51:29.221"/>
</branch>
<branch type="ELSE IF" condition="35 &lt; ${age1} &lt; 51">
<kw name="Evaluate" library="BuiltIn">
<var>${taxrelief}</var>
<arg>${taxrelief}*0.5</arg>
<doc>Evaluates the given expression in Python and returns the result.</doc>
<status status="NOT RUN" starttime="20221111 16:51:29.221" endtime="20221111 16:51:29.221"/>
</kw>
<status status="NOT RUN" starttime="20221111 16:51:29.221" endtime="20221111 16:51:29.221"/>
</branch>
<branch type="ELSE IF" condition="50 &lt; ${age1} &lt; 76">
<kw name="Evaluate" library="BuiltIn">
<var>${taxrelief}</var>
<arg>${taxrelief}*0.367</arg>
<doc>Evaluates the given expression in Python and returns the result.</doc>
<status status="NOT RUN" starttime="20221111 16:51:29.221" endtime="20221111 16:51:29.221"/>
</kw>
<status status="NOT RUN" starttime="20221111 16:51:29.221" endtime="20221111 16:51:29.221"/>
</branch>
<branch type="ELSE IF" condition="75 &lt; ${age1}">
<kw name="Evaluate" library="BuiltIn">
<var>${taxrelief}</var>
<arg>${taxrelief}*0.05</arg>
<doc>Evaluates the given expression in Python and returns the result.</doc>
<status status="NOT RUN" starttime="20221111 16:51:29.221" endtime="20221111 16:51:29.221"/>
</kw>
<status status="NOT RUN" starttime="20221111 16:51:29.221" endtime="20221111 16:51:29.221"/>
</branch>
<status status="PASS" starttime="20221111 16:51:29.220" endtime="20221111 16:51:29.221"/>
</if>
<if>
<branch type="IF" condition="&quot;${gender1}&quot; == &quot;f&quot;">
<kw name="Evaluate" library="BuiltIn">
<var>${taxrelief}</var>
<arg>${taxrelief}+500</arg>
<doc>Evaluates the given expression in Python and returns the result.</doc>
<status status="NOT RUN" starttime="20221111 16:51:29.221" endtime="20221111 16:51:29.221"/>
</kw>
<status status="NOT RUN" starttime="20221111 16:51:29.221" endtime="20221111 16:51:29.221"/>
</branch>
<branch type="ELSE">
<kw name="Evaluate" library="BuiltIn">
<var>${taxrelief}</var>
<arg>${taxrelief}+0</arg>
<doc>Evaluates the given expression in Python and returns the result.</doc>
<msg timestamp="20221111 16:51:29.221" level="INFO">${taxrelief} = 1.0</msg>
<status status="PASS" starttime="20221111 16:51:29.221" endtime="20221111 16:51:29.221"/>
</kw>
<status status="PASS" starttime="20221111 16:51:29.221" endtime="20221111 16:51:29.221"/>
</branch>
<status status="PASS" starttime="20221111 16:51:29.221" endtime="20221111 16:51:29.221"/>
</if>
<if>
<branch type="IF" condition="0 &lt; ${taxrelief} &lt; 50">
<kw name="Set Variable" library="BuiltIn">
<var>${taxrelief}</var>
<arg>50</arg>
<doc>Returns the given values which can then be assigned to a variables.</doc>
<msg timestamp="20221111 16:51:29.222" level="INFO">${taxrelief} = 50</msg>
<status status="PASS" starttime="20221111 16:51:29.222" endtime="20221111 16:51:29.222"/>
</kw>
<status status="PASS" starttime="20221111 16:51:29.222" endtime="20221111 16:51:29.222"/>
</branch>
<branch type="ELSE IF" condition="0 &gt; ${taxrelief}">
<kw name="Set Variable" library="BuiltIn">
<var>${taxrelief}</var>
<arg>50</arg>
<doc>Returns the given values which can then be assigned to a variables.</doc>
<status status="NOT RUN" starttime="20221111 16:51:29.222" endtime="20221111 16:51:29.222"/>
</kw>
<status status="NOT RUN" starttime="20221111 16:51:29.222" endtime="20221111 16:51:29.222"/>
</branch>
<branch type="ELSE IF" condition="0== ${taxrelief}">
<kw name="Set Variable" library="BuiltIn">
<var>${taxrelief}</var>
<arg>125</arg>
<doc>Returns the given values which can then be assigned to a variables.</doc>
<status status="NOT RUN" starttime="20221111 16:51:29.222" endtime="20221111 16:51:29.222"/>
</kw>
<status status="NOT RUN" starttime="20221111 16:51:29.222" endtime="20221111 16:51:29.222"/>
</branch>
<status status="PASS" starttime="20221111 16:51:29.221" endtime="20221111 16:51:29.222"/>
</if>
<return>
<value>${taxrelief}</value>
<status status="PASS" starttime="20221111 16:51:29.222" endtime="20221111 16:51:29.222"/>
</return>
<msg timestamp="20221111 16:51:29.222" level="INFO">${relief} = 50</msg>
<status status="PASS" starttime="20221111 16:51:29.217" endtime="20221111 16:51:29.222"/>
</kw>
<kw name="Log To Console" library="BuiltIn">
<arg>${relief}</arg>
<doc>Logs the given message to the console.</doc>
<status status="PASS" starttime="20221111 16:51:29.222" endtime="20221111 16:51:29.223"/>
</kw>
<kw name="Should Contain Any" library="BuiltIn">
<arg>${targetfield}</arg>
<arg>relief': '${relief}</arg>
<doc>Fails if ``container`` does not contain any of the ``*items``.</doc>
<status status="PASS" starttime="20221111 16:51:29.223" endtime="20221111 16:51:29.223"/>
</kw>
<status status="PASS" starttime="20221111 16:51:29.194" endtime="20221111 16:51:29.223"/>
</test>
<test id="s1-t3" name="Calculator validation tax relief with age: 17 AND Tax paid and Salary has the same amount" line="126">
<kw name="Create Dictionary" library="BuiltIn">
<var>${headers}</var>
<arg>Content-Type=application/json</arg>
<doc>Creates and returns a dictionary based on the given ``items``.</doc>
<msg timestamp="20221111 16:51:29.224" level="INFO">${headers} = {'Content-Type': 'application/json'}</msg>
<status status="PASS" starttime="20221111 16:51:29.224" endtime="20221111 16:51:29.224"/>
</kw>
<kw name="Set Variable" library="BuiltIn">
<var>${age}</var>
<arg>17</arg>
<doc>Returns the given values which can then be assigned to a variables.</doc>
<msg timestamp="20221111 16:51:29.224" level="INFO">${age} = 17</msg>
<status status="PASS" starttime="20221111 16:51:29.224" endtime="20221111 16:51:29.224"/>
</kw>
<kw name="Set Variable" library="BuiltIn">
<var>${gender}</var>
<arg>m</arg>
<doc>Returns the given values which can then be assigned to a variables.</doc>
<msg timestamp="20221111 16:51:29.224" level="INFO">${gender} = m</msg>
<status status="PASS" starttime="20221111 16:51:29.224" endtime="20221111 16:51:29.225"/>
</kw>
<kw name="Set Variable" library="BuiltIn">
<var>${salary}</var>
<arg>500</arg>
<doc>Returns the given values which can then be assigned to a variables.</doc>
<msg timestamp="20221111 16:51:29.225" level="INFO">${salary} = 500</msg>
<status status="PASS" starttime="20221111 16:51:29.225" endtime="20221111 16:51:29.225"/>
</kw>
<kw name="Set Variable" library="BuiltIn">
<var>${taxpaid}</var>
<arg>500</arg>
<doc>Returns the given values which can then be assigned to a variables.</doc>
<msg timestamp="20221111 16:51:29.225" level="INFO">${taxpaid} = 500</msg>
<status status="PASS" starttime="20221111 16:51:29.225" endtime="20221111 16:51:29.225"/>
</kw>
<kw name="Set Variable" library="BuiltIn">
<var>${decimalplace}</var>
<arg>2</arg>
<doc>Returns the given values which can then be assigned to a variables.</doc>
<msg timestamp="20221111 16:51:29.225" level="INFO">${decimalplace} = 2</msg>
<status status="PASS" starttime="20221111 16:51:29.225" endtime="20221111 16:51:29.225"/>
</kw>
<kw name="Get Current Date" library="DateTime">
<var>${currDate}</var>
<doc>Returns current local or UTC time with an optional increment.</doc>
<msg timestamp="20221111 16:51:29.225" level="INFO">${currDate} = 2022-11-11 16:51:29.225</msg>
<status status="PASS" starttime="20221111 16:51:29.225" endtime="20221111 16:51:29.225"/>
</kw>
<kw name="Get Substring" library="String">
<var>${curryear}</var>
<arg>${currDate}</arg>
<arg>0</arg>
<arg>4</arg>
<doc>Returns a substring from ``start`` index to ``end`` index.</doc>
<msg timestamp="20221111 16:51:29.226" level="INFO">${curryear} = 2022</msg>
<status status="PASS" starttime="20221111 16:51:29.226" endtime="20221111 16:51:29.226"/>
</kw>
<kw name="calculate birthday with currentDate by age">
<var>${newbirthday}</var>
<arg>${curryear}</arg>
<arg>${age}</arg>
<kw name="Set Variable" library="BuiltIn">
<var>${year}</var>
<arg>${${arg1} - ${arg}}</arg>
<doc>Returns the given values which can then be assigned to a variables.</doc>
<msg timestamp="20221111 16:51:29.227" level="INFO">${year} = 2005</msg>
<status status="PASS" starttime="20221111 16:51:29.226" endtime="20221111 16:51:29.227"/>
</kw>
<kw name="Set Variable" library="BuiltIn">
<var>${arg}</var>
<arg>${${arg} * 365.25}</arg>
<doc>Returns the given values which can then be assigned to a variables.</doc>
<msg timestamp="20221111 16:51:29.227" level="INFO">${arg} = 6209.25</msg>
<status status="PASS" starttime="20221111 16:51:29.227" endtime="20221111 16:51:29.227"/>
</kw>
<kw name="Get Current Date" library="DateTime">
<var>${currDate}</var>
<doc>Returns current local or UTC time with an optional increment.</doc>
<msg timestamp="20221111 16:51:29.227" level="INFO">${currDate} = 2022-11-11 16:51:29.227</msg>
<status status="PASS" starttime="20221111 16:51:29.227" endtime="20221111 16:51:29.227"/>
</kw>
<kw name="Subtract Time From Date" library="DateTime">
<var>${date1}</var>
<arg>${currDate}</arg>
<arg>${arg} days</arg>
<arg>result_format=%d%m%y</arg>
<doc>Subtracts time from date and returns the resulting date.</doc>
<msg timestamp="20221111 16:51:29.228" level="INFO">${date1} = 111105</msg>
<status status="PASS" starttime="20221111 16:51:29.227" endtime="20221111 16:51:29.228"/>
</kw>
<kw name="Get Substring" library="String">
<var>${day}</var>
<arg>${date1}</arg>
<arg>0</arg>
<arg>2</arg>
<doc>Returns a substring from ``start`` index to ``end`` index.</doc>
<msg timestamp="20221111 16:51:29.228" level="INFO">${day} = 11</msg>
<status status="PASS" starttime="20221111 16:51:29.228" endtime="20221111 16:51:29.228"/>
</kw>
<kw name="Get Substring" library="String">
<var>${mth}</var>
<arg>${date1}</arg>
<arg>2</arg>
<arg>4</arg>
<doc>Returns a substring from ``start`` index to ``end`` index.</doc>
<msg timestamp="20221111 16:51:29.228" level="INFO">${mth} = 11</msg>
<status status="PASS" starttime="20221111 16:51:29.228" endtime="20221111 16:51:29.228"/>
</kw>
<kw name="Catenate" library="BuiltIn">
<var>${newbirthday}</var>
<arg>SEPARATOR=</arg>
<arg>${day}</arg>
<arg>${mth}</arg>
<doc>Catenates the given items together and returns the resulted string.</doc>
<msg timestamp="20221111 16:51:29.228" level="INFO">${newbirthday} = 1111</msg>
<status status="PASS" starttime="20221111 16:51:29.228" endtime="20221111 16:51:29.228"/>
</kw>
<kw name="Catenate" library="BuiltIn">
<var>${newbirthday}</var>
<arg>SEPARATOR=</arg>
<arg>${newbirthday}</arg>
<arg>${year}</arg>
<doc>Catenates the given items together and returns the resulted string.</doc>
<msg timestamp="20221111 16:51:29.228" level="INFO">${newbirthday} = 11112005</msg>
<status status="PASS" starttime="20221111 16:51:29.228" endtime="20221111 16:51:29.228"/>
</kw>
<kw name="Convert To String" library="BuiltIn">
<var>${newbirthday}</var>
<arg>${newbirthday}</arg>
<doc>Converts the given item to a Unicode string.</doc>
<msg timestamp="20221111 16:51:29.229" level="INFO">${newbirthday} = 11112005</msg>
<status status="PASS" starttime="20221111 16:51:29.228" endtime="20221111 16:51:29.229"/>
</kw>
<return>
<value>${newbirthday}</value>
<status status="PASS" starttime="20221111 16:51:29.229" endtime="20221111 16:51:29.229"/>
</return>
<msg timestamp="20221111 16:51:29.229" level="INFO">${newbirthday} = 11112005</msg>
<status status="PASS" starttime="20221111 16:51:29.226" endtime="20221111 16:51:29.229"/>
</kw>
<kw name="POST" library="REST">
<var>${response}</var>
<arg>${api_url}/calculator/insert</arg>
<arg>{"birthday": "${newbirthday}", "gender": "${gender}", "name": "user", "natid": "11325", "salary": "${salary}", "tax": "${taxpaid}"}</arg>
<arg>headers=&amp;{headers}</arg>
<tag>http</tag>
<doc>*Sends a POST request to the endpoint.*</doc>
<msg timestamp="20221111 16:51:29.234" level="WARN">Response body content is not JSON. Content-Type is: application/json;charset=UTF-8</msg>
<msg timestamp="20221111 16:51:29.235" level="INFO">${response} = {'seconds': 0.003927, 'status': 202, 'reason': '', 'body': 'Alright', 'headers': {'Content-Type': 'application/json;charset=UTF-8', 'Content-Length': '7', 'Date': 'Fri, 11 Nov 2022 08:51:29 GMT'}}</msg>
<status status="PASS" starttime="20221111 16:51:29.229" endtime="20221111 16:51:29.235"/>
</kw>
<kw name="Integer" library="REST">
<arg>response status</arg>
<arg>202</arg>
<tag>assertions</tag>
<doc>*Asserts the field as JSON integer.*</doc>
<status status="PASS" starttime="20221111 16:51:29.235" endtime="20221111 16:51:29.236"/>
</kw>
<kw name="GET" library="REST">
<var>${response}</var>
<arg>${api_url}/calculator/taxRelief</arg>
<arg>headers=&amp;{headers}</arg>
<tag>http</tag>
<doc>*Sends a GET request to the endpoint.*</doc>
<msg timestamp="20221111 16:51:29.242" level="INFO">${response} = {'seconds': 0.004851, 'status': 200, 'reason': '', 'body': [{'natid': '1132$', 'name': 'user', 'relief': '50.00'}, {'natid': '1132$', 'name': 'user', 'relief': '50.00'}, {'natid': '1132$', 'name': 'us...</msg>
<status status="PASS" starttime="20221111 16:51:29.236" endtime="20221111 16:51:29.242"/>
</kw>
<kw name="Integer" library="REST">
<arg>response status</arg>
<arg>200</arg>
<tag>assertions</tag>
<doc>*Asserts the field as JSON integer.*</doc>
<status status="PASS" starttime="20221111 16:51:29.243" endtime="20221111 16:51:29.243"/>
</kw>
<kw name="Array" library="REST">
<var>${resArray}</var>
<arg>response body</arg>
<tag>assertions</tag>
<doc>*Asserts the field as JSON array.*</doc>
<msg timestamp="20221111 16:51:29.245" level="INFO">${resArray} = [[{'natid': '1132$', 'name': 'user', 'relief': '50.00'}, {'natid': '1132$', 'name': 'user', 'relief': '50.00'}, {'natid': '1132$', 'name': 'user', 'relief': '125'}]]</msg>
<status status="PASS" starttime="20221111 16:51:29.243" endtime="20221111 16:51:29.245"/>
</kw>
<kw name="Convert To String" library="BuiltIn">
<var>${targetfield}</var>
<arg>${resArray}[-1][-1]</arg>
<doc>Converts the given item to a Unicode string.</doc>
<msg timestamp="20221111 16:51:29.245" level="INFO">${targetfield} = {'natid': '1132$', 'name': 'user', 'relief': '125'}</msg>
<status status="PASS" starttime="20221111 16:51:29.245" endtime="20221111 16:51:29.245"/>
</kw>
<kw name="Log To Console" library="BuiltIn">
<arg>${targetfield}</arg>
<doc>Logs the given message to the console.</doc>
<status status="PASS" starttime="20221111 16:51:29.245" endtime="20221111 16:51:29.245"/>
</kw>
<kw name="Convert To Number" library="BuiltIn">
<var>${salary}</var>
<arg>${salary}</arg>
<arg>${decimalplace}</arg>
<doc>Converts the given item to a floating point number.</doc>
<msg timestamp="20221111 16:51:29.246" level="INFO">${salary} = 500.0</msg>
<status status="PASS" starttime="20221111 16:51:29.246" endtime="20221111 16:51:29.246"/>
</kw>
<kw name="Convert To Number" library="BuiltIn">
<var>${taxpaid}</var>
<arg>${taxpaid}</arg>
<arg>${decimalplace}</arg>
<doc>Converts the given item to a floating point number.</doc>
<msg timestamp="20221111 16:51:29.246" level="INFO">${taxpaid} = 500.0</msg>
<status status="PASS" starttime="20221111 16:51:29.246" endtime="20221111 16:51:29.246"/>
</kw>
<kw name="calculate tax relief by salary, taxpaid, age and gender">
<var>${relief}</var>
<arg>${salary}</arg>
<arg>${taxpaid}</arg>
<arg>${age}</arg>
<arg>${gender}</arg>
<arg>${decimalplace}</arg>
<kw name="Evaluate" library="BuiltIn">
<var>${decimalplace}</var>
<arg>${decimalplace} - 1</arg>
<doc>Evaluates the given expression in Python and returns the result.</doc>
<msg timestamp="20221111 16:51:29.247" level="INFO">${decimalplace} = 1</msg>
<status status="PASS" starttime="20221111 16:51:29.247" endtime="20221111 16:51:29.247"/>
</kw>
<kw name="Evaluate" library="BuiltIn">
<var>${taxrelief}</var>
<arg>${salary1} - ${taxpaid1}</arg>
<doc>Evaluates the given expression in Python and returns the result.</doc>
<msg timestamp="20221111 16:51:29.247" level="INFO">${taxrelief} = 0.0</msg>
<status status="PASS" starttime="20221111 16:51:29.247" endtime="20221111 16:51:29.247"/>
</kw>
<kw name="Convert To String" library="BuiltIn">
<var>${taxrelief}</var>
<arg>${taxrelief}</arg>
<doc>Converts the given item to a Unicode string.</doc>
<msg timestamp="20221111 16:51:29.247" level="INFO">${taxrelief} = 0.0</msg>
<status status="PASS" starttime="20221111 16:51:29.247" endtime="20221111 16:51:29.247"/>
</kw>
<kw name="Evaluate" library="BuiltIn">
<var>${Ptax}</var>
<arg>"${taxrelief}".split(".")</arg>
<doc>Evaluates the given expression in Python and returns the result.</doc>
<msg timestamp="20221111 16:51:29.247" level="INFO">${Ptax} = ['0', '0']</msg>
<status status="PASS" starttime="20221111 16:51:29.247" endtime="20221111 16:51:29.247"/>
</kw>
<kw name="Get Substring" library="String">
<var>${Ptax[1]}</var>
<arg>${Ptax[1]}</arg>
<arg>0</arg>
<arg>${decimalplace}</arg>
<doc>Returns a substring from ``start`` index to ``end`` index.</doc>
<msg timestamp="20221111 16:51:29.248" level="INFO">${Ptax[1]} = 0</msg>
<status status="PASS" starttime="20221111 16:51:29.247" endtime="20221111 16:51:29.248"/>
</kw>
<kw name="Catenate" library="BuiltIn">
<var>${newtaxrelief}</var>
<arg>SEPARATOR=.</arg>
<arg>${Ptax[0]}</arg>
<arg>${Ptax[1]}</arg>
<doc>Catenates the given items together and returns the resulted string.</doc>
<msg timestamp="20221111 16:51:29.248" level="INFO">${newtaxrelief} = 0.0</msg>
<status status="PASS" starttime="20221111 16:51:29.248" endtime="20221111 16:51:29.248"/>
</kw>
<if>
<branch type="IF" condition="${Ptax[1]} &lt; 5">
<kw name="Evaluate" library="BuiltIn">
<var>${decimalplace}</var>
<arg>${decimalplace} - 1</arg>
<doc>Evaluates the given expression in Python and returns the result.</doc>
<msg timestamp="20221111 16:51:29.249" level="INFO">${decimalplace} = 0</msg>
<status status="PASS" starttime="20221111 16:51:29.248" endtime="20221111 16:51:29.249"/>
</kw>
<status status="PASS" starttime="20221111 16:51:29.248" endtime="20221111 16:51:29.249"/>
</branch>
<status status="PASS" starttime="20221111 16:51:29.248" endtime="20221111 16:51:29.249"/>
</if>
<kw name="Convert To Number" library="BuiltIn">
<var>${taxrelief}</var>
<arg>${newtaxrelief}</arg>
<arg>${decimalplace}</arg>
<doc>Converts the given item to a floating point number.</doc>
<msg timestamp="20221111 16:51:29.249" level="INFO">${taxrelief} = 0.0</msg>
<status status="PASS" starttime="20221111 16:51:29.249" endtime="20221111 16:51:29.249"/>
</kw>
<if>
<branch type="IF" condition="0 &lt; ${age1} &lt; 19">
<kw name="Evaluate" library="BuiltIn">
<var>${taxrelief}</var>
<arg>${taxrelief}*1</arg>
<doc>Evaluates the given expression in Python and returns the result.</doc>
<msg timestamp="20221111 16:51:29.249" level="INFO">${taxrelief} = 0.0</msg>
<status status="PASS" starttime="20221111 16:51:29.249" endtime="20221111 16:51:29.249"/>
</kw>
<status status="PASS" starttime="20221111 16:51:29.249" endtime="20221111 16:51:29.249"/>
</branch>
<branch type="ELSE IF" condition="18 &lt; ${age1} &lt; 36">
<kw name="Evaluate" library="BuiltIn">
<var>${taxrelief}</var>
<arg>${taxrelief}*0.8</arg>
<doc>Evaluates the given expression in Python and returns the result.</doc>
<status status="NOT RUN" starttime="20221111 16:51:29.249" endtime="20221111 16:51:29.249"/>
</kw>
<status status="NOT RUN" starttime="20221111 16:51:29.249" endtime="20221111 16:51:29.249"/>
</branch>
<branch type="ELSE IF" condition="35 &lt; ${age1} &lt; 51">
<kw name="Evaluate" library="BuiltIn">
<var>${taxrelief}</var>
<arg>${taxrelief}*0.5</arg>
<doc>Evaluates the given expression in Python and returns the result.</doc>
<status status="NOT RUN" starttime="20221111 16:51:29.249" endtime="20221111 16:51:29.249"/>
</kw>
<status status="NOT RUN" starttime="20221111 16:51:29.249" endtime="20221111 16:51:29.249"/>
</branch>
<branch type="ELSE IF" condition="50 &lt; ${age1} &lt; 76">
<kw name="Evaluate" library="BuiltIn">
<var>${taxrelief}</var>
<arg>${taxrelief}*0.367</arg>
<doc>Evaluates the given expression in Python and returns the result.</doc>
<status status="NOT RUN" starttime="20221111 16:51:29.249" endtime="20221111 16:51:29.249"/>
</kw>
<status status="NOT RUN" starttime="20221111 16:51:29.249" endtime="20221111 16:51:29.249"/>
</branch>
<branch type="ELSE IF" condition="75 &lt; ${age1}">
<kw name="Evaluate" library="BuiltIn">
<var>${taxrelief}</var>
<arg>${taxrelief}*0.05</arg>
<doc>Evaluates the given expression in Python and returns the result.</doc>
<status status="NOT RUN" starttime="20221111 16:51:29.250" endtime="20221111 16:51:29.250"/>
</kw>
<status status="NOT RUN" starttime="20221111 16:51:29.250" endtime="20221111 16:51:29.250"/>
</branch>
<status status="PASS" starttime="20221111 16:51:29.249" endtime="20221111 16:51:29.250"/>
</if>
<if>
<branch type="IF" condition="&quot;${gender1}&quot; == &quot;f&quot;">
<kw name="Evaluate" library="BuiltIn">
<var>${taxrelief}</var>
<arg>${taxrelief}+500</arg>
<doc>Evaluates the given expression in Python and returns the result.</doc>
<status status="NOT RUN" starttime="20221111 16:51:29.250" endtime="20221111 16:51:29.250"/>
</kw>
<status status="NOT RUN" starttime="20221111 16:51:29.250" endtime="20221111 16:51:29.250"/>
</branch>
<branch type="ELSE">
<kw name="Evaluate" library="BuiltIn">
<var>${taxrelief}</var>
<arg>${taxrelief}+0</arg>
<doc>Evaluates the given expression in Python and returns the result.</doc>
<msg timestamp="20221111 16:51:29.250" level="INFO">${taxrelief} = 0.0</msg>
<status status="PASS" starttime="20221111 16:51:29.250" endtime="20221111 16:51:29.250"/>
</kw>
<status status="PASS" starttime="20221111 16:51:29.250" endtime="20221111 16:51:29.250"/>
</branch>
<status status="PASS" starttime="20221111 16:51:29.250" endtime="20221111 16:51:29.250"/>
</if>
<if>
<branch type="IF" condition="0 &lt; ${taxrelief} &lt; 50">
<kw name="Set Variable" library="BuiltIn">
<var>${taxrelief}</var>
<arg>50</arg>
<doc>Returns the given values which can then be assigned to a variables.</doc>
<status status="NOT RUN" starttime="20221111 16:51:29.250" endtime="20221111 16:51:29.250"/>
</kw>
<status status="NOT RUN" starttime="20221111 16:51:29.250" endtime="20221111 16:51:29.250"/>
</branch>
<branch type="ELSE IF" condition="0 &gt; ${taxrelief}">
<kw name="Set Variable" library="BuiltIn">
<var>${taxrelief}</var>
<arg>50</arg>
<doc>Returns the given values which can then be assigned to a variables.</doc>
<status status="NOT RUN" starttime="20221111 16:51:29.250" endtime="20221111 16:51:29.250"/>
</kw>
<status status="NOT RUN" starttime="20221111 16:51:29.250" endtime="20221111 16:51:29.250"/>
</branch>
<branch type="ELSE IF" condition="0== ${taxrelief}">
<kw name="Set Variable" library="BuiltIn">
<var>${taxrelief}</var>
<arg>125</arg>
<doc>Returns the given values which can then be assigned to a variables.</doc>
<msg timestamp="20221111 16:51:29.251" level="INFO">${taxrelief} = 125</msg>
<status status="PASS" starttime="20221111 16:51:29.251" endtime="20221111 16:51:29.251"/>
</kw>
<status status="PASS" starttime="20221111 16:51:29.250" endtime="20221111 16:51:29.251"/>
</branch>
<status status="PASS" starttime="20221111 16:51:29.250" endtime="20221111 16:51:29.251"/>
</if>
<return>
<value>${taxrelief}</value>
<status status="PASS" starttime="20221111 16:51:29.251" endtime="20221111 16:51:29.251"/>
</return>
<msg timestamp="20221111 16:51:29.251" level="INFO">${relief} = 125</msg>
<status status="PASS" starttime="20221111 16:51:29.246" endtime="20221111 16:51:29.251"/>
</kw>
<kw name="Log To Console" library="BuiltIn">
<arg>${relief}</arg>
<doc>Logs the given message to the console.</doc>
<status status="PASS" starttime="20221111 16:51:29.251" endtime="20221111 16:51:29.251"/>
</kw>
<kw name="Should Contain Any" library="BuiltIn">
<arg>${targetfield}</arg>
<arg>relief': '${relief}</arg>
<doc>Fails if ``container`` does not contain any of the ``*items``.</doc>
<status status="PASS" starttime="20221111 16:51:29.251" endtime="20221111 16:51:29.252"/>
</kw>
<doc>There is a bug, there is no description that the 125 would be presented as tax relief</doc>
<status status="PASS" starttime="20221111 16:51:29.224" endtime="20221111 16:51:29.252"/>
</test>
<test id="s1-t4" name="Calculator validation tax relief with tax relief of 2 Decimal place" line="152">
<kw name="Create Dictionary" library="BuiltIn">
<var>${headers}</var>
<arg>Content-Type=application/json</arg>
<doc>Creates and returns a dictionary based on the given ``items``.</doc>
<msg timestamp="20221111 16:51:29.253" level="INFO">${headers} = {'Content-Type': 'application/json'}</msg>
<status status="PASS" starttime="20221111 16:51:29.252" endtime="20221111 16:51:29.253"/>
</kw>
<kw name="Set Variable" library="BuiltIn">
<var>${age}</var>
<arg>17</arg>
<doc>Returns the given values which can then be assigned to a variables.</doc>
<msg timestamp="20221111 16:51:29.253" level="INFO">${age} = 17</msg>
<status status="PASS" starttime="20221111 16:51:29.253" endtime="20221111 16:51:29.253"/>
</kw>
<kw name="Set Variable" library="BuiltIn">
<var>${gender}</var>
<arg>m</arg>
<doc>Returns the given values which can then be assigned to a variables.</doc>
<msg timestamp="20221111 16:51:29.253" level="INFO">${gender} = m</msg>
<status status="PASS" starttime="20221111 16:51:29.253" endtime="20221111 16:51:29.253"/>
</kw>
<kw name="Set Variable" library="BuiltIn">
<var>${salary}</var>
<arg>500</arg>
<doc>Returns the given values which can then be assigned to a variables.</doc>
<msg timestamp="20221111 16:51:29.253" level="INFO">${salary} = 500</msg>
<status status="PASS" starttime="20221111 16:51:29.253" endtime="20221111 16:51:29.253"/>
</kw>
<kw name="Set Variable" library="BuiltIn">
<var>${taxpaid}</var>
<arg>399.46</arg>
<doc>Returns the given values which can then be assigned to a variables.</doc>
<msg timestamp="20221111 16:51:29.254" level="INFO">${taxpaid} = 399.46</msg>
<status status="PASS" starttime="20221111 16:51:29.254" endtime="20221111 16:51:29.254"/>
</kw>
<kw name="Set Variable" library="BuiltIn">
<var>${decimalplace}</var>
<arg>2</arg>
<doc>Returns the given values which can then be assigned to a variables.</doc>
<msg timestamp="20221111 16:51:29.254" level="INFO">${decimalplace} = 2</msg>
<status status="PASS" starttime="20221111 16:51:29.254" endtime="20221111 16:51:29.254"/>
</kw>
<kw name="Get Current Date" library="DateTime">
<var>${currDate}</var>
<doc>Returns current local or UTC time with an optional increment.</doc>
<msg timestamp="20221111 16:51:29.254" level="INFO">${currDate} = 2022-11-11 16:51:29.254</msg>
<status status="PASS" starttime="20221111 16:51:29.254" endtime="20221111 16:51:29.254"/>
</kw>
<kw name="Get Substring" library="String">
<var>${curryear}</var>
<arg>${currDate}</arg>
<arg>0</arg>
<arg>4</arg>
<doc>Returns a substring from ``start`` index to ``end`` index.</doc>
<msg timestamp="20221111 16:51:29.255" level="INFO">${curryear} = 2022</msg>
<status status="PASS" starttime="20221111 16:51:29.254" endtime="20221111 16:51:29.255"/>
</kw>
<kw name="calculate birthday with currentDate by age">
<var>${newbirthday}</var>
<arg>${curryear}</arg>
<arg>${age}</arg>
<kw name="Set Variable" library="BuiltIn">
<var>${year}</var>
<arg>${${arg1} - ${arg}}</arg>
<doc>Returns the given values which can then be assigned to a variables.</doc>
<msg timestamp="20221111 16:51:29.256" level="INFO">${year} = 2005</msg>
<status status="PASS" starttime="20221111 16:51:29.255" endtime="20221111 16:51:29.256"/>
</kw>
<kw name="Set Variable" library="BuiltIn">
<var>${arg}</var>
<arg>${${arg} * 365.25}</arg>
<doc>Returns the given values which can then be assigned to a variables.</doc>
<msg timestamp="20221111 16:51:29.256" level="INFO">${arg} = 6209.25</msg>
<status status="PASS" starttime="20221111 16:51:29.256" endtime="20221111 16:51:29.256"/>
</kw>
<kw name="Get Current Date" library="DateTime">
<var>${currDate}</var>
<doc>Returns current local or UTC time with an optional increment.</doc>
<msg timestamp="20221111 16:51:29.256" level="INFO">${currDate} = 2022-11-11 16:51:29.256</msg>
<status status="PASS" starttime="20221111 16:51:29.256" endtime="20221111 16:51:29.256"/>
</kw>
<kw name="Subtract Time From Date" library="DateTime">
<var>${date1}</var>
<arg>${currDate}</arg>
<arg>${arg} days</arg>
<arg>result_format=%d%m%y</arg>
<doc>Subtracts time from date and returns the resulting date.</doc>
<msg timestamp="20221111 16:51:29.257" level="INFO">${date1} = 111105</msg>
<status status="PASS" starttime="20221111 16:51:29.256" endtime="20221111 16:51:29.257"/>
</kw>
<kw name="Get Substring" library="String">
<var>${day}</var>
<arg>${date1}</arg>
<arg>0</arg>
<arg>2</arg>
<doc>Returns a substring from ``start`` index to ``end`` index.</doc>
<msg timestamp="20221111 16:51:29.257" level="INFO">${day} = 11</msg>
<status status="PASS" starttime="20221111 16:51:29.257" endtime="20221111 16:51:29.257"/>
</kw>
<kw name="Get Substring" library="String">
<var>${mth}</var>
<arg>${date1}</arg>
<arg>2</arg>
<arg>4</arg>
<doc>Returns a substring from ``start`` index to ``end`` index.</doc>
<msg timestamp="20221111 16:51:29.257" level="INFO">${mth} = 11</msg>
<status status="PASS" starttime="20221111 16:51:29.257" endtime="20221111 16:51:29.257"/>
</kw>
<kw name="Catenate" library="BuiltIn">
<var>${newbirthday}</var>
<arg>SEPARATOR=</arg>
<arg>${day}</arg>
<arg>${mth}</arg>
<doc>Catenates the given items together and returns the resulted string.</doc>
<msg timestamp="20221111 16:51:29.257" level="INFO">${newbirthday} = 1111</msg>
<status status="PASS" starttime="20221111 16:51:29.257" endtime="20221111 16:51:29.257"/>
</kw>
<kw name="Catenate" library="BuiltIn">
<var>${newbirthday}</var>
<arg>SEPARATOR=</arg>
<arg>${newbirthday}</arg>
<arg>${year}</arg>
<doc>Catenates the given items together and returns the resulted string.</doc>
<msg timestamp="20221111 16:51:29.257" level="INFO">${newbirthday} = 11112005</msg>
<status status="PASS" starttime="20221111 16:51:29.257" endtime="20221111 16:51:29.257"/>
</kw>
<kw name="Convert To String" library="BuiltIn">
<var>${newbirthday}</var>
<arg>${newbirthday}</arg>
<doc>Converts the given item to a Unicode string.</doc>
<msg timestamp="20221111 16:51:29.258" level="INFO">${newbirthday} = 11112005</msg>
<status status="PASS" starttime="20221111 16:51:29.257" endtime="20221111 16:51:29.258"/>
</kw>
<return>
<value>${newbirthday}</value>
<status status="PASS" starttime="20221111 16:51:29.258" endtime="20221111 16:51:29.258"/>
</return>
<msg timestamp="20221111 16:51:29.258" level="INFO">${newbirthday} = 11112005</msg>
<status status="PASS" starttime="20221111 16:51:29.255" endtime="20221111 16:51:29.258"/>
</kw>
<kw name="POST" library="REST">
<var>${response}</var>
<arg>${api_url}/calculator/insert</arg>
<arg>{"birthday": "${newbirthday}", "gender": "${gender}", "name": "user", "natid": "11325", "salary": "${salary}", "tax": "${taxpaid}"}</arg>
<arg>headers=&amp;{headers}</arg>
<tag>http</tag>
<doc>*Sends a POST request to the endpoint.*</doc>
<msg timestamp="20221111 16:51:29.263" level="WARN">Response body content is not JSON. Content-Type is: application/json;charset=UTF-8</msg>
<msg timestamp="20221111 16:51:29.263" level="INFO">${response} = {'seconds': 0.003439, 'status': 202, 'reason': '', 'body': 'Alright', 'headers': {'Content-Type': 'application/json;charset=UTF-8', 'Content-Length': '7', 'Date': 'Fri, 11 Nov 2022 08:51:29 GMT'}}</msg>
<status status="PASS" starttime="20221111 16:51:29.258" endtime="20221111 16:51:29.263"/>
</kw>
<kw name="Integer" library="REST">
<arg>response status</arg>
<arg>202</arg>
<tag>assertions</tag>
<doc>*Asserts the field as JSON integer.*</doc>
<status status="PASS" starttime="20221111 16:51:29.263" endtime="20221111 16:51:29.264"/>
</kw>
<kw name="GET" library="REST">
<var>${response}</var>
<arg>${api_url}/calculator/taxRelief</arg>
<arg>headers=&amp;{headers}</arg>
<tag>http</tag>
<doc>*Sends a GET request to the endpoint.*</doc>
<msg timestamp="20221111 16:51:29.269" level="INFO">${response} = {'seconds': 0.004553, 'status': 200, 'reason': '', 'body': [{'natid': '1132$', 'name': 'user', 'relief': '50.00'}, {'natid': '1132$', 'name': 'user', 'relief': '50.00'}, {'natid': '1132$', 'name': 'us...</msg>
<status status="PASS" starttime="20221111 16:51:29.264" endtime="20221111 16:51:29.269"/>
</kw>
<kw name="Integer" library="REST">
<arg>response status</arg>
<arg>200</arg>
<tag>assertions</tag>
<doc>*Asserts the field as JSON integer.*</doc>
<status status="PASS" starttime="20221111 16:51:29.269" endtime="20221111 16:51:29.270"/>
</kw>
<kw name="Array" library="REST">
<var>${resArray}</var>
<arg>response body</arg>
<tag>assertions</tag>
<doc>*Asserts the field as JSON array.*</doc>
<msg timestamp="20221111 16:51:29.271" level="INFO">${resArray} = [[{'natid': '1132$', 'name': 'user', 'relief': '50.00'}, {'natid': '1132$', 'name': 'user', 'relief': '50.00'}, {'natid': '1132$', 'name': 'user', 'relief': '125'}, {'natid': '1132$', 'name': 'user', ...</msg>
<status status="PASS" starttime="20221111 16:51:29.270" endtime="20221111 16:51:29.271"/>
</kw>
<kw name="Convert To String" library="BuiltIn">
<var>${targetfield}</var>
<arg>${resArray}[-1][-1]</arg>
<doc>Converts the given item to a Unicode string.</doc>
<msg timestamp="20221111 16:51:29.272" level="INFO">${targetfield} = {'natid': '1132$', 'name': 'user', 'relief': '100.54'}</msg>
<status status="PASS" starttime="20221111 16:51:29.271" endtime="20221111 16:51:29.272"/>
</kw>
<kw name="Log To Console" library="BuiltIn">
<arg>${targetfield}</arg>
<doc>Logs the given message to the console.</doc>
<status status="PASS" starttime="20221111 16:51:29.272" endtime="20221111 16:51:29.272"/>
</kw>
<kw name="Convert To Number" library="BuiltIn">
<var>${salary}</var>
<arg>${salary}</arg>
<arg>${decimalplace}</arg>
<doc>Converts the given item to a floating point number.</doc>
<msg timestamp="20221111 16:51:29.272" level="INFO">${salary} = 500.0</msg>
<status status="PASS" starttime="20221111 16:51:29.272" endtime="20221111 16:51:29.272"/>
</kw>
<kw name="Convert To Number" library="BuiltIn">
<var>${taxpaid}</var>
<arg>${taxpaid}</arg>
<arg>${decimalplace}</arg>
<doc>Converts the given item to a floating point number.</doc>
<msg timestamp="20221111 16:51:29.273" level="INFO">${taxpaid} = 399.46</msg>
<status status="PASS" starttime="20221111 16:51:29.272" endtime="20221111 16:51:29.273"/>
</kw>
<kw name="calculate tax relief by salary, taxpaid, age and gender">
<var>${relief}</var>
<arg>${salary}</arg>
<arg>${taxpaid}</arg>
<arg>${age}</arg>
<arg>${gender}</arg>
<arg>${decimalplace}</arg>
<kw name="Evaluate" library="BuiltIn">
<var>${decimalplace}</var>
<arg>${decimalplace} - 1</arg>
<doc>Evaluates the given expression in Python and returns the result.</doc>
<msg timestamp="20221111 16:51:29.273" level="INFO">${decimalplace} = 1</msg>
<status status="PASS" starttime="20221111 16:51:29.273" endtime="20221111 16:51:29.273"/>
</kw>
<kw name="Evaluate" library="BuiltIn">
<var>${taxrelief}</var>
<arg>${salary1} - ${taxpaid1}</arg>
<doc>Evaluates the given expression in Python and returns the result.</doc>
<msg timestamp="20221111 16:51:29.273" level="INFO">${taxrelief} = 100.54000000000002</msg>
<status status="PASS" starttime="20221111 16:51:29.273" endtime="20221111 16:51:29.273"/>
</kw>
<kw name="Convert To String" library="BuiltIn">
<var>${taxrelief}</var>
<arg>${taxrelief}</arg>
<doc>Converts the given item to a Unicode string.</doc>
<msg timestamp="20221111 16:51:29.274" level="INFO">${taxrelief} = 100.54000000000002</msg>
<status status="PASS" starttime="20221111 16:51:29.273" endtime="20221111 16:51:29.274"/>
</kw>
<kw name="Evaluate" library="BuiltIn">
<var>${Ptax}</var>
<arg>"${taxrelief}".split(".")</arg>
<doc>Evaluates the given expression in Python and returns the result.</doc>
<msg timestamp="20221111 16:51:29.274" level="INFO">${Ptax} = ['100', '54000000000002']</msg>
<status status="PASS" starttime="20221111 16:51:29.274" endtime="20221111 16:51:29.274"/>
</kw>
<kw name="Get Substring" library="String">
<var>${Ptax[1]}</var>
<arg>${Ptax[1]}</arg>
<arg>0</arg>
<arg>${decimalplace}</arg>
<doc>Returns a substring from ``start`` index to ``end`` index.</doc>
<msg timestamp="20221111 16:51:29.274" level="INFO">${Ptax[1]} = 5</msg>
<status status="PASS" starttime="20221111 16:51:29.274" endtime="20221111 16:51:29.274"/>
</kw>
<kw name="Catenate" library="BuiltIn">
<var>${newtaxrelief}</var>
<arg>SEPARATOR=.</arg>
<arg>${Ptax[0]}</arg>
<arg>${Ptax[1]}</arg>
<doc>Catenates the given items together and returns the resulted string.</doc>
<msg timestamp="20221111 16:51:29.275" level="INFO">${newtaxrelief} = 100.5</msg>
<status status="PASS" starttime="20221111 16:51:29.274" endtime="20221111 16:51:29.275"/>
</kw>
<if>
<branch type="IF" condition="${Ptax[1]} &lt; 5">
<kw name="Evaluate" library="BuiltIn">
<var>${decimalplace}</var>
<arg>${decimalplace} - 1</arg>
<doc>Evaluates the given expression in Python and returns the result.</doc>
<status status="NOT RUN" starttime="20221111 16:51:29.275" endtime="20221111 16:51:29.275"/>
</kw>
<status status="NOT RUN" starttime="20221111 16:51:29.275" endtime="20221111 16:51:29.275"/>
</branch>
<status status="PASS" starttime="20221111 16:51:29.275" endtime="20221111 16:51:29.275"/>
</if>
<kw name="Convert To Number" library="BuiltIn">
<var>${taxrelief}</var>
<arg>${newtaxrelief}</arg>
<arg>${decimalplace}</arg>
<doc>Converts the given item to a floating point number.</doc>
<msg timestamp="20221111 16:51:29.275" level="INFO">${taxrelief} = 100.5</msg>
<status status="PASS" starttime="20221111 16:51:29.275" endtime="20221111 16:51:29.275"/>
</kw>
<if>
<branch type="IF" condition="0 &lt; ${age1} &lt; 19">
<kw name="Evaluate" library="BuiltIn">
<var>${taxrelief}</var>
<arg>${taxrelief}*1</arg>
<doc>Evaluates the given expression in Python and returns the result.</doc>
<msg timestamp="20221111 16:51:29.276" level="INFO">${taxrelief} = 100.5</msg>
<status status="PASS" starttime="20221111 16:51:29.275" endtime="20221111 16:51:29.276"/>
</kw>
<status status="PASS" starttime="20221111 16:51:29.275" endtime="20221111 16:51:29.276"/>
</branch>
<branch type="ELSE IF" condition="18 &lt; ${age1} &lt; 36">
<kw name="Evaluate" library="BuiltIn">
<var>${taxrelief}</var>
<arg>${taxrelief}*0.8</arg>
<doc>Evaluates the given expression in Python and returns the result.</doc>
<status status="NOT RUN" starttime="20221111 16:51:29.276" endtime="20221111 16:51:29.276"/>
</kw>
<status status="NOT RUN" starttime="20221111 16:51:29.276" endtime="20221111 16:51:29.276"/>
</branch>
<branch type="ELSE IF" condition="35 &lt; ${age1} &lt; 51">
<kw name="Evaluate" library="BuiltIn">
<var>${taxrelief}</var>
<arg>${taxrelief}*0.5</arg>
<doc>Evaluates the given expression in Python and returns the result.</doc>
<status status="NOT RUN" starttime="20221111 16:51:29.276" endtime="20221111 16:51:29.276"/>
</kw>
<status status="NOT RUN" starttime="20221111 16:51:29.276" endtime="20221111 16:51:29.276"/>
</branch>
<branch type="ELSE IF" condition="50 &lt; ${age1} &lt; 76">
<kw name="Evaluate" library="BuiltIn">
<var>${taxrelief}</var>
<arg>${taxrelief}*0.367</arg>
<doc>Evaluates the given expression in Python and returns the result.</doc>
<status status="NOT RUN" starttime="20221111 16:51:29.276" endtime="20221111 16:51:29.276"/>
</kw>
<status status="NOT RUN" starttime="20221111 16:51:29.276" endtime="20221111 16:51:29.276"/>
</branch>
<branch type="ELSE IF" condition="75 &lt; ${age1}">
<kw name="Evaluate" library="BuiltIn">
<var>${taxrelief}</var>
<arg>${taxrelief}*0.05</arg>
<doc>Evaluates the given expression in Python and returns the result.</doc>
<status status="NOT RUN" starttime="20221111 16:51:29.276" endtime="20221111 16:51:29.276"/>
</kw>
<status status="NOT RUN" starttime="20221111 16:51:29.276" endtime="20221111 16:51:29.276"/>
</branch>
<status status="PASS" starttime="20221111 16:51:29.275" endtime="20221111 16:51:29.276"/>
</if>
<if>
<branch type="IF" condition="&quot;${gender1}&quot; == &quot;f&quot;">
<kw name="Evaluate" library="BuiltIn">
<var>${taxrelief}</var>
<arg>${taxrelief}+500</arg>
<doc>Evaluates the given expression in Python and returns the result.</doc>
<status status="NOT RUN" starttime="20221111 16:51:29.276" endtime="20221111 16:51:29.276"/>
</kw>
<status status="NOT RUN" starttime="20221111 16:51:29.276" endtime="20221111 16:51:29.276"/>
</branch>
<branch type="ELSE">
<kw name="Evaluate" library="BuiltIn">
<var>${taxrelief}</var>
<arg>${taxrelief}+0</arg>
<doc>Evaluates the given expression in Python and returns the result.</doc>
<msg timestamp="20221111 16:51:29.276" level="INFO">${taxrelief} = 100.5</msg>
<status status="PASS" starttime="20221111 16:51:29.276" endtime="20221111 16:51:29.277"/>
</kw>
<status status="PASS" starttime="20221111 16:51:29.276" endtime="20221111 16:51:29.277"/>
</branch>
<status status="PASS" starttime="20221111 16:51:29.276" endtime="20221111 16:51:29.277"/>
</if>
<if>
<branch type="IF" condition="0 &lt; ${taxrelief} &lt; 50">
<kw name="Set Variable" library="BuiltIn">
<var>${taxrelief}</var>
<arg>50</arg>
<doc>Returns the given values which can then be assigned to a variables.</doc>
<status status="NOT RUN" starttime="20221111 16:51:29.277" endtime="20221111 16:51:29.277"/>
</kw>
<status status="NOT RUN" starttime="20221111 16:51:29.277" endtime="20221111 16:51:29.277"/>
</branch>
<branch type="ELSE IF" condition="0 &gt; ${taxrelief}">
<kw name="Set Variable" library="BuiltIn">
<var>${taxrelief}</var>
<arg>50</arg>
<doc>Returns the given values which can then be assigned to a variables.</doc>
<status status="NOT RUN" starttime="20221111 16:51:29.277" endtime="20221111 16:51:29.277"/>
</kw>
<status status="NOT RUN" starttime="20221111 16:51:29.277" endtime="20221111 16:51:29.277"/>
</branch>
<branch type="ELSE IF" condition="0== ${taxrelief}">
<kw name="Set Variable" library="BuiltIn">
<var>${taxrelief}</var>
<arg>125</arg>
<doc>Returns the given values which can then be assigned to a variables.</doc>
<status status="NOT RUN" starttime="20221111 16:51:29.277" endtime="20221111 16:51:29.277"/>
</kw>
<status status="NOT RUN" starttime="20221111 16:51:29.277" endtime="20221111 16:51:29.277"/>
</branch>
<status status="PASS" starttime="20221111 16:51:29.277" endtime="20221111 16:51:29.277"/>
</if>
<return>
<value>${taxrelief}</value>
<status status="PASS" starttime="20221111 16:51:29.277" endtime="20221111 16:51:29.277"/>
</return>
<msg timestamp="20221111 16:51:29.277" level="INFO">${relief} = 100.5</msg>
<status status="PASS" starttime="20221111 16:51:29.273" endtime="20221111 16:51:29.277"/>
</kw>
<kw name="Log To Console" library="BuiltIn">
<arg>${relief}</arg>
<doc>Logs the given message to the console.</doc>
<status status="PASS" starttime="20221111 16:51:29.278" endtime="20221111 16:51:29.278"/>
</kw>
<kw name="Should Contain Any" library="BuiltIn">
<arg>${targetfield}</arg>
<arg>relief': '${relief}</arg>
<doc>Fails if ``container`` does not contain any of the ``*items``.</doc>
<status status="PASS" starttime="20221111 16:51:29.278" endtime="20221111 16:51:29.278"/>
</kw>
<doc>Test case on Decimal place</doc>
<status status="PASS" starttime="20221111 16:51:29.252" endtime="20221111 16:51:29.278"/>
</test>
<test id="s1-t5" name="Calculator validation tax relief with tax relief of 2 Decimal place1" line="177">
<kw name="Create Dictionary" library="BuiltIn">
<var>${headers}</var>
<arg>Content-Type=application/json</arg>
<doc>Creates and returns a dictionary based on the given ``items``.</doc>
<msg timestamp="20221111 16:51:29.279" level="INFO">${headers} = {'Content-Type': 'application/json'}</msg>
<status status="PASS" starttime="20221111 16:51:29.279" endtime="20221111 16:51:29.279"/>
</kw>
<kw name="Set Variable" library="BuiltIn">
<var>${age}</var>
<arg>17</arg>
<doc>Returns the given values which can then be assigned to a variables.</doc>
<msg timestamp="20221111 16:51:29.279" level="INFO">${age} = 17</msg>
<status status="PASS" starttime="20221111 16:51:29.279" endtime="20221111 16:51:29.279"/>
</kw>
<kw name="Set Variable" library="BuiltIn">
<var>${gender}</var>
<arg>m</arg>
<doc>Returns the given values which can then be assigned to a variables.</doc>
<msg timestamp="20221111 16:51:29.279" level="INFO">${gender} = m</msg>
<status status="PASS" starttime="20221111 16:51:29.279" endtime="20221111 16:51:29.279"/>
</kw>
<kw name="Set Variable" library="BuiltIn">
<var>${salary}</var>
<arg>500</arg>
<doc>Returns the given values which can then be assigned to a variables.</doc>
<msg timestamp="20221111 16:51:29.280" level="INFO">${salary} = 500</msg>
<status status="PASS" starttime="20221111 16:51:29.280" endtime="20221111 16:51:29.280"/>
</kw>
<kw name="Set Variable" library="BuiltIn">
<var>${taxpaid}</var>
<arg>399.51</arg>
<doc>Returns the given values which can then be assigned to a variables.</doc>
<msg timestamp="20221111 16:51:29.280" level="INFO">${taxpaid} = 399.51</msg>
<status status="PASS" starttime="20221111 16:51:29.280" endtime="20221111 16:51:29.280"/>
</kw>
<kw name="Set Variable" library="BuiltIn">
<var>${decimalplace}</var>
<arg>2</arg>
<doc>Returns the given values which can then be assigned to a variables.</doc>
<msg timestamp="20221111 16:51:29.280" level="INFO">${decimalplace} = 2</msg>
<status status="PASS" starttime="20221111 16:51:29.280" endtime="20221111 16:51:29.280"/>
</kw>
<kw name="Get Current Date" library="DateTime">
<var>${currDate}</var>
<doc>Returns current local or UTC time with an optional increment.</doc>
<msg timestamp="20221111 16:51:29.280" level="INFO">${currDate} = 2022-11-11 16:51:29.280</msg>
<status status="PASS" starttime="20221111 16:51:29.280" endtime="20221111 16:51:29.280"/>
</kw>
<kw name="Get Substring" library="String">
<var>${curryear}</var>
<arg>${currDate}</arg>
<arg>0</arg>
<arg>4</arg>
<doc>Returns a substring from ``start`` index to ``end`` index.</doc>
<msg timestamp="20221111 16:51:29.281" level="INFO">${curryear} = 2022</msg>
<status status="PASS" starttime="20221111 16:51:29.280" endtime="20221111 16:51:29.281"/>
</kw>
<kw name="calculate birthday with currentDate by age">
<var>${newbirthday}</var>
<arg>${curryear}</arg>
<arg>${age}</arg>
<kw name="Set Variable" library="BuiltIn">
<var>${year}</var>
<arg>${${arg1} - ${arg}}</arg>
<doc>Returns the given values which can then be assigned to a variables.</doc>
<msg timestamp="20221111 16:51:29.281" level="INFO">${year} = 2005</msg>
<status status="PASS" starttime="20221111 16:51:29.281" endtime="20221111 16:51:29.281"/>
</kw>
<kw name="Set Variable" library="BuiltIn">
<var>${arg}</var>
<arg>${${arg} * 365.25}</arg>
<doc>Returns the given values which can then be assigned to a variables.</doc>
[...]
</kw>
<kw name="Get Current Date" library="DateTime">
<var>${currDate}</var>
<doc>Returns current local or UTC time with an optional increment.</doc>
<msg timestamp="20221111 16:51:29.662" level="INFO">${currDate} = 2022-11-11 16:51:29.662</msg>
<status status="PASS" starttime="20221111 16:51:29.662" endtime="20221111 16:51:29.662"/>
</kw>
<kw name="Get Substring" library="String">
<var>${curryear}</var>
<arg>${currDate}</arg>
<arg>0</arg>
<arg>4</arg>
<doc>Returns a substring from ``start`` index to ``end`` index.</doc>
<msg timestamp="20221111 16:51:29.662" level="INFO">${curryear} = 2022</msg>
<status status="PASS" starttime="20221111 16:51:29.662" endtime="20221111 16:51:29.662"/>
</kw>
<kw name="calculate birthday with currentDate by age">
<var>${newbirthday}</var>
<arg>${curryear}</arg>
<arg>${age}</arg>
<kw name="Set Variable" library="BuiltIn">
<var>${year}</var>
<arg>${${arg1} - ${arg}}</arg>
<doc>Returns the given values which can then be assigned to a variables.</doc>
<msg timestamp="20221111 16:51:29.663" level="INFO">${year} = 1971</msg>
<status status="PASS" starttime="20221111 16:51:29.662" endtime="20221111 16:51:29.663"/>
</kw>
<kw name="Set Variable" library="BuiltIn">
<var>${arg}</var>
<arg>${${arg} * 365.25}</arg>
<doc>Returns the given values which can then be assigned to a variables.</doc>
<msg timestamp="20221111 16:51:29.663" level="INFO">${arg} = 18627.75</msg>
<status status="PASS" starttime="20221111 16:51:29.663" endtime="20221111 16:51:29.663"/>
</kw>
<kw name="Get Current Date" library="DateTime">
<var>${currDate}</var>
<doc>Returns current local or UTC time with an optional increment.</doc>
<msg timestamp="20221111 16:51:29.663" level="INFO">${currDate} = 2022-11-11 16:51:29.663</msg>
<status status="PASS" starttime="20221111 16:51:29.663" endtime="20221111 16:51:29.663"/>
</kw>
<kw name="Subtract Time From Date" library="DateTime">
<var>${date1}</var>
<arg>${currDate}</arg>
<arg>${arg} days</arg>
<arg>result_format=%d%m%y</arg>
<doc>Subtracts time from date and returns the resulting date.</doc>
<msg timestamp="20221111 16:51:29.664" level="INFO">${date1} = 111171</msg>
<status status="PASS" starttime="20221111 16:51:29.664" endtime="20221111 16:51:29.664"/>
</kw>
<kw name="Get Substring" library="String">
<var>${day}</var>
<arg>${date1}</arg>
<arg>0</arg>
<arg>2</arg>
<doc>Returns a substring from ``start`` index to ``end`` index.</doc>
<msg timestamp="20221111 16:51:29.664" level="INFO">${day} = 11</msg>
<status status="PASS" starttime="20221111 16:51:29.664" endtime="20221111 16:51:29.664"/>
</kw>
<kw name="Get Substring" library="String">
<var>${mth}</var>
<arg>${date1}</arg>
<arg>2</arg>
<arg>4</arg>
<doc>Returns a substring from ``start`` index to ``end`` index.</doc>
<msg timestamp="20221111 16:51:29.664" level="INFO">${mth} = 11</msg>
<status status="PASS" starttime="20221111 16:51:29.664" endtime="20221111 16:51:29.664"/>
</kw>
<kw name="Catenate" library="BuiltIn">
<var>${newbirthday}</var>
<arg>SEPARATOR=</arg>
<arg>${day}</arg>
<arg>${mth}</arg>
<doc>Catenates the given items together and returns the resulted string.</doc>
<msg timestamp="20221111 16:51:29.664" level="INFO">${newbirthday} = 1111</msg>
<status status="PASS" starttime="20221111 16:51:29.664" endtime="20221111 16:51:29.664"/>
</kw>
<kw name="Catenate" library="BuiltIn">
<var>${newbirthday}</var>
<arg>SEPARATOR=</arg>
<arg>${newbirthday}</arg>
<arg>${year}</arg>
<doc>Catenates the given items together and returns the resulted string.</doc>
<msg timestamp="20221111 16:51:29.665" level="INFO">${newbirthday} = 11111971</msg>
<status status="PASS" starttime="20221111 16:51:29.664" endtime="20221111 16:51:29.665"/>
</kw>
<kw name="Convert To String" library="BuiltIn">
<var>${newbirthday}</var>
<arg>${newbirthday}</arg>
<doc>Converts the given item to a Unicode string.</doc>
<msg timestamp="20221111 16:51:29.665" level="INFO">${newbirthday} = 11111971</msg>
<status status="PASS" starttime="20221111 16:51:29.665" endtime="20221111 16:51:29.665"/>
</kw>
<return>
<value>${newbirthday}</value>
<status status="PASS" starttime="20221111 16:51:29.665" endtime="20221111 16:51:29.665"/>
</return>
<msg timestamp="20221111 16:51:29.665" level="INFO">${newbirthday} = 11111971</msg>
<status status="PASS" starttime="20221111 16:51:29.662" endtime="20221111 16:51:29.665"/>
</kw>
<kw name="POST" library="REST">
<var>${response}</var>
<arg>${api_url}/calculator/insert</arg>
<arg>{"birthday": "${newbirthday}", "gender": "${gender}", "name": "user", "natid": "11325", "salary": "${salary}", "tax": "${taxpaid}"}</arg>
<arg>headers=&amp;{headers}</arg>
<tag>http</tag>
<doc>*Sends a POST request to the endpoint.*</doc>
<msg timestamp="20221111 16:51:29.669" level="WARN">Response body content is not JSON. Content-Type is: application/json;charset=UTF-8</msg>
<msg timestamp="20221111 16:51:29.670" level="INFO">${response} = {'seconds': 0.003155, 'status': 202, 'reason': '', 'body': 'Alright', 'headers': {'Content-Type': 'application/json;charset=UTF-8', 'Content-Length': '7', 'Date': 'Fri, 11 Nov 2022 08:51:29 GMT'}}</msg>
<status status="PASS" starttime="20221111 16:51:29.665" endtime="20221111 16:51:29.670"/>
</kw>
<kw name="Integer" library="REST">
<arg>response status</arg>
<arg>202</arg>
<tag>assertions</tag>
<doc>*Asserts the field as JSON integer.*</doc>
<status status="PASS" starttime="20221111 16:51:29.670" endtime="20221111 16:51:29.671"/>
</kw>
<kw name="GET" library="REST">
<var>${response}</var>
<arg>${api_url}/calculator/taxRelief</arg>
<arg>headers=&amp;{headers}</arg>
<tag>http</tag>
<doc>*Sends a GET request to the endpoint.*</doc>
<msg timestamp="20221111 16:51:29.676" level="INFO">${response} = {'seconds': 0.00412, 'status': 200, 'reason': '', 'body': [{'natid': '1132$', 'name': 'user', 'relief': '50.00'}, {'natid': '1132$', 'name': 'user', 'relief': '50.00'}, {'natid': '1132$', 'name': 'use...</msg>
<status status="PASS" starttime="20221111 16:51:29.671" endtime="20221111 16:51:29.676"/>
</kw>
<kw name="Integer" library="REST">
<arg>response status</arg>
<arg>200</arg>
<tag>assertions</tag>
<doc>*Asserts the field as JSON integer.*</doc>
<status status="PASS" starttime="20221111 16:51:29.676" endtime="20221111 16:51:29.677"/>
</kw>
<kw name="Array" library="REST">
<var>${resArray}</var>
<arg>response body</arg>
<tag>assertions</tag>
<doc>*Asserts the field as JSON array.*</doc>
<msg timestamp="20221111 16:51:29.679" level="INFO">${resArray} = [[{'natid': '1132$', 'name': 'user', 'relief': '50.00'}, {'natid': '1132$', 'name': 'user', 'relief': '50.00'}, {'natid': '1132$', 'name': 'user', 'relief': '125'}, {'natid': '1132$', 'name': 'user', ...</msg>
<status status="PASS" starttime="20221111 16:51:29.677" endtime="20221111 16:51:29.679"/>
</kw>
<kw name="Convert To String" library="BuiltIn">
<var>${targetfield}</var>
<arg>${resArray}[-1][-1]</arg>
<doc>Converts the given item to a Unicode string.</doc>
<msg timestamp="20221111 16:51:29.679" level="INFO">${targetfield} = {'natid': '1132$', 'name': 'user', 'relief': '859.66'}</msg>
<status status="PASS" starttime="20221111 16:51:29.679" endtime="20221111 16:51:29.679"/>
</kw>
<kw name="Log To Console" library="BuiltIn">
<arg>${targetfield}</arg>
<doc>Logs the given message to the console.</doc>
<status status="PASS" starttime="20221111 16:51:29.679" endtime="20221111 16:51:29.680"/>
</kw>
<kw name="Convert To Number" library="BuiltIn">
<var>${salary}</var>
<arg>${salary}</arg>
<arg>${decimalplace}</arg>
<doc>Converts the given item to a floating point number.</doc>
<msg timestamp="20221111 16:51:29.680" level="INFO">${salary} = 1000.0</msg>
<status status="PASS" starttime="20221111 16:51:29.680" endtime="20221111 16:51:29.680"/>
</kw>
<kw name="Convert To Number" library="BuiltIn">
<var>${taxpaid}</var>
<arg>${taxpaid}</arg>
<arg>${decimalplace}</arg>
<doc>Converts the given item to a floating point number.</doc>
<msg timestamp="20221111 16:51:29.680" level="INFO">${taxpaid} = 20.0</msg>
<status status="PASS" starttime="20221111 16:51:29.680" endtime="20221111 16:51:29.680"/>
</kw>
<kw name="calculate tax relief by salary, taxpaid, age and gender">
<var>${relief}</var>
<arg>${salary}</arg>
<arg>${taxpaid}</arg>
<arg>${age}</arg>
<arg>${gender}</arg>
<arg>${decimalplace}</arg>
<kw name="Evaluate" library="BuiltIn">
<var>${decimalplace}</var>
<arg>${decimalplace} - 1</arg>
<doc>Evaluates the given expression in Python and returns the result.</doc>
<msg timestamp="20221111 16:51:29.681" level="INFO">${decimalplace} = 1</msg>
<status status="PASS" starttime="20221111 16:51:29.681" endtime="20221111 16:51:29.681"/>
</kw>
<kw name="Evaluate" library="BuiltIn">
<var>${taxrelief}</var>
<arg>${salary1} - ${taxpaid1}</arg>
<doc>Evaluates the given expression in Python and returns the result.</doc>
<msg timestamp="20221111 16:51:29.681" level="INFO">${taxrelief} = 980.0</msg>
<status status="PASS" starttime="20221111 16:51:29.681" endtime="20221111 16:51:29.681"/>
</kw>
<kw name="Convert To String" library="BuiltIn">
<var>${taxrelief}</var>
<arg>${taxrelief}</arg>
<doc>Converts the given item to a Unicode string.</doc>
<msg timestamp="20221111 16:51:29.681" level="INFO">${taxrelief} = 980.0</msg>
<status status="PASS" starttime="20221111 16:51:29.681" endtime="20221111 16:51:29.681"/>
</kw>
<kw name="Evaluate" library="BuiltIn">
<var>${Ptax}</var>
<arg>"${taxrelief}".split(".")</arg>
<doc>Evaluates the given expression in Python and returns the result.</doc>
<msg timestamp="20221111 16:51:29.681" level="INFO">${Ptax} = ['980', '0']</msg>
<status status="PASS" starttime="20221111 16:51:29.681" endtime="20221111 16:51:29.681"/>
</kw>
<kw name="Get Substring" library="String">
<var>${Ptax[1]}</var>
<arg>${Ptax[1]}</arg>
<arg>0</arg>
<arg>${decimalplace}</arg>
<doc>Returns a substring from ``start`` index to ``end`` index.</doc>
<msg timestamp="20221111 16:51:29.682" level="INFO">${Ptax[1]} = 0</msg>
<status status="PASS" starttime="20221111 16:51:29.681" endtime="20221111 16:51:29.682"/>
</kw>
<kw name="Catenate" library="BuiltIn">
<var>${newtaxrelief}</var>
<arg>SEPARATOR=.</arg>
<arg>${Ptax[0]}</arg>
<arg>${Ptax[1]}</arg>
<doc>Catenates the given items together and returns the resulted string.</doc>
<msg timestamp="20221111 16:51:29.682" level="INFO">${newtaxrelief} = 980.0</msg>
<status status="PASS" starttime="20221111 16:51:29.682" endtime="20221111 16:51:29.682"/>
</kw>
<if>
<branch type="IF" condition="${Ptax[1]} &lt; 5">
<kw name="Evaluate" library="BuiltIn">
<var>${decimalplace}</var>
<arg>${decimalplace} - 1</arg>
<doc>Evaluates the given expression in Python and returns the result.</doc>
<msg timestamp="20221111 16:51:29.683" level="INFO">${decimalplace} = 0</msg>
<status status="PASS" starttime="20221111 16:51:29.682" endtime="20221111 16:51:29.683"/>
</kw>
<status status="PASS" starttime="20221111 16:51:29.682" endtime="20221111 16:51:29.683"/>
</branch>
<status status="PASS" starttime="20221111 16:51:29.682" endtime="20221111 16:51:29.683"/>
</if>
<kw name="Convert To Number" library="BuiltIn">
<var>${taxrelief}</var>
<arg>${newtaxrelief}</arg>
<arg>${decimalplace}</arg>
<doc>Converts the given item to a floating point number.</doc>
<msg timestamp="20221111 16:51:29.683" level="INFO">${taxrelief} = 980.0</msg>
<status status="PASS" starttime="20221111 16:51:29.683" endtime="20221111 16:51:29.683"/>
</kw>
<if>
<branch type="IF" condition="0 &lt; ${age1} &lt; 19">
<kw name="Evaluate" library="BuiltIn">
<var>${taxrelief}</var>
<arg>${taxrelief}*1</arg>
<doc>Evaluates the given expression in Python and returns the result.</doc>
<status status="NOT RUN" starttime="20221111 16:51:29.683" endtime="20221111 16:51:29.683"/>
</kw>
<status status="NOT RUN" starttime="20221111 16:51:29.683" endtime="20221111 16:51:29.683"/>
</branch>
<branch type="ELSE IF" condition="18 &lt; ${age1} &lt; 36">
<kw name="Evaluate" library="BuiltIn">
<var>${taxrelief}</var>
<arg>${taxrelief}*0.8</arg>
<doc>Evaluates the given expression in Python and returns the result.</doc>
<status status="NOT RUN" starttime="20221111 16:51:29.683" endtime="20221111 16:51:29.683"/>
</kw>
<status status="NOT RUN" starttime="20221111 16:51:29.683" endtime="20221111 16:51:29.683"/>
</branch>
<branch type="ELSE IF" condition="35 &lt; ${age1} &lt; 51">
<kw name="Evaluate" library="BuiltIn">
<var>${taxrelief}</var>
<arg>${taxrelief}*0.5</arg>
<doc>Evaluates the given expression in Python and returns the result.</doc>
<status status="NOT RUN" starttime="20221111 16:51:29.683" endtime="20221111 16:51:29.683"/>
</kw>
<status status="NOT RUN" starttime="20221111 16:51:29.683" endtime="20221111 16:51:29.683"/>
</branch>
<branch type="ELSE IF" condition="50 &lt; ${age1} &lt; 76">
<kw name="Evaluate" library="BuiltIn">
<var>${taxrelief}</var>
<arg>${taxrelief}*0.367</arg>
<doc>Evaluates the given expression in Python and returns the result.</doc>
<msg timestamp="20221111 16:51:29.684" level="INFO">${taxrelief} = 359.65999999999997</msg>
<status status="PASS" starttime="20221111 16:51:29.684" endtime="20221111 16:51:29.684"/>
</kw>
<status status="PASS" starttime="20221111 16:51:29.683" endtime="20221111 16:51:29.684"/>
</branch>
<branch type="ELSE IF" condition="75 &lt; ${age1}">
<kw name="Evaluate" library="BuiltIn">
<var>${taxrelief}</var>
<arg>${taxrelief}*0.05</arg>
<doc>Evaluates the given expression in Python and returns the result.</doc>
<status status="NOT RUN" starttime="20221111 16:51:29.684" endtime="20221111 16:51:29.684"/>
</kw>
<status status="NOT RUN" starttime="20221111 16:51:29.684" endtime="20221111 16:51:29.684"/>
</branch>
<status status="PASS" starttime="20221111 16:51:29.683" endtime="20221111 16:51:29.684"/>
</if>
<if>
<branch type="IF" condition="&quot;${gender1}&quot; == &quot;f&quot;">
<kw name="Evaluate" library="BuiltIn">
<var>${taxrelief}</var>
<arg>${taxrelief}+500</arg>
<doc>Evaluates the given expression in Python and returns the result.</doc>
<msg timestamp="20221111 16:51:29.684" level="INFO">${taxrelief} = 859.66</msg>
<status status="PASS" starttime="20221111 16:51:29.684" endtime="20221111 16:51:29.684"/>
</kw>
<status status="PASS" starttime="20221111 16:51:29.684" endtime="20221111 16:51:29.684"/>
</branch>
<branch type="ELSE">
<kw name="Evaluate" library="BuiltIn">
<var>${taxrelief}</var>
<arg>${taxrelief}+0</arg>
<doc>Evaluates the given expression in Python and returns the result.</doc>
<status status="NOT RUN" starttime="20221111 16:51:29.684" endtime="20221111 16:51:29.684"/>
</kw>
<status status="NOT RUN" starttime="20221111 16:51:29.684" endtime="20221111 16:51:29.684"/>
</branch>
<status status="PASS" starttime="20221111 16:51:29.684" endtime="20221111 16:51:29.684"/>
</if>
<if>
<branch type="IF" condition="0 &lt; ${taxrelief} &lt; 50">
<kw name="Set Variable" library="BuiltIn">
<var>${taxrelief}</var>
<arg>50</arg>
<doc>Returns the given values which can then be assigned to a variables.</doc>
<status status="NOT RUN" starttime="20221111 16:51:29.685" endtime="20221111 16:51:29.685"/>
</kw>
<status status="NOT RUN" starttime="20221111 16:51:29.684" endtime="20221111 16:51:29.685"/>
</branch>
<branch type="ELSE IF" condition="0 &gt; ${taxrelief}">
<kw name="Set Variable" library="BuiltIn">
<var>${taxrelief}</var>
<arg>50</arg>
<doc>Returns the given values which can then be assigned to a variables.</doc>
<status status="NOT RUN" starttime="20221111 16:51:29.685" endtime="20221111 16:51:29.685"/>
</kw>
<status status="NOT RUN" starttime="20221111 16:51:29.685" endtime="20221111 16:51:29.685"/>
</branch>
<branch type="ELSE IF" condition="0== ${taxrelief}">
<kw name="Set Variable" library="BuiltIn">
<var>${taxrelief}</var>
<arg>125</arg>
<doc>Returns the given values which can then be assigned to a variables.</doc>
<status status="NOT RUN" starttime="20221111 16:51:29.685" endtime="20221111 16:51:29.685"/>
</kw>
<status status="NOT RUN" starttime="20221111 16:51:29.685" endtime="20221111 16:51:29.685"/>
</branch>
<status status="PASS" starttime="20221111 16:51:29.684" endtime="20221111 16:51:29.685"/>
</if>
<return>
<value>${taxrelief}</value>
<status status="PASS" starttime="20221111 16:51:29.685" endtime="20221111 16:51:29.685"/>
</return>
<msg timestamp="20221111 16:51:29.685" level="INFO">${relief} = 859.66</msg>
<status status="PASS" starttime="20221111 16:51:29.680" endtime="20221111 16:51:29.685"/>
</kw>
<kw name="Log To Console" library="BuiltIn">
<arg>${relief}</arg>
<doc>Logs the given message to the console.</doc>
<status status="PASS" starttime="20221111 16:51:29.685" endtime="20221111 16:51:29.685"/>
</kw>
<kw name="Should Contain Any" library="BuiltIn">
<arg>${targetfield}</arg>
<arg>relief': '${relief}</arg>
<doc>Fails if ``container`` does not contain any of the ``*items``.</doc>
<status status="PASS" starttime="20221111 16:51:29.686" endtime="20221111 16:51:29.686"/>
</kw>
<status status="PASS" starttime="20221111 16:51:29.660" endtime="20221111 16:51:29.686"/>
</test>
<status status="PASS" starttime="20221111 16:51:28.599" endtime="20221111 16:51:29.686"/>
</suite>
<statistics>
<total>
<stat pass="19" fail="0" skip="0">All Tests</stat>
</total>
<tag>
</tag>
<suite>
<stat pass="19" fail="0" skip="0" id="s1" name="CalTaxRelief">CalTaxRelief</stat>
</suite>
</statistics>
<errors>
<msg timestamp="20221111 16:51:29.081" level="WARN">Response body content is not JSON. Content-Type is: application/json;charset=UTF-8</msg>
<msg timestamp="20221111 16:51:29.205" level="WARN">Response body content is not JSON. Content-Type is: application/json;charset=UTF-8</msg>
<msg timestamp="20221111 16:51:29.234" level="WARN">Response body content is not JSON. Content-Type is: application/json;charset=UTF-8</msg>
<msg timestamp="20221111 16:51:29.263" level="WARN">Response body content is not JSON. Content-Type is: application/json;charset=UTF-8</msg>
<msg timestamp="20221111 16:51:29.288" level="WARN">Response body content is not JSON. Content-Type is: application/json;charset=UTF-8</msg>
<msg timestamp="20221111 16:51:29.315" level="WARN">Response body content is not JSON. Content-Type is: application/json;charset=UTF-8</msg>
<msg timestamp="20221111 16:51:29.343" level="WARN">Response body content is not JSON. Content-Type is: application/json;charset=UTF-8</msg>
<msg timestamp="20221111 16:51:29.369" level="WARN">Response body content is not JSON. Content-Type is: application/json;charset=UTF-8</msg>
<msg timestamp="20221111 16:51:29.396" level="WARN">Response body content is not JSON. Content-Type is: application/json;charset=UTF-8</msg>
<msg timestamp="20221111 16:51:29.424" level="WARN">Response body content is not JSON. Content-Type is: application/json;charset=UTF-8</msg>
<msg timestamp="20221111 16:51:29.451" level="WARN">Response body content is not JSON. Content-Type is: application/json;charset=UTF-8</msg>
<msg timestamp="20221111 16:51:29.479" level="WARN">Response body content is not JSON. Content-Type is: application/json;charset=UTF-8</msg>
<msg timestamp="20221111 16:51:29.507" level="WARN">Response body content is not JSON. Content-Type is: application/json;charset=UTF-8</msg>
<msg timestamp="20221111 16:51:29.534" level="WARN">Response body content is not JSON. Content-Type is: application/json;charset=UTF-8</msg>
<msg timestamp="20221111 16:51:29.561" level="WARN">Response body content is not JSON. Content-Type is: application/json;charset=UTF-8</msg>
<msg timestamp="20221111 16:51:29.589" level="WARN">Response body content is not JSON. Content-Type is: application/json;charset=UTF-8</msg>
<msg timestamp="20221111 16:51:29.617" level="WARN">Response body content is not JSON. Content-Type is: application/json;charset=UTF-8</msg>
<msg timestamp="20221111 16:51:29.643" level="WARN">Response body content is not JSON. Content-Type is: application/json;charset=UTF-8</msg>
<msg timestamp="20221111 16:51:29.669" level="WARN">Response body content is not JSON. Content-Type is: application/json;charset=UTF-8</msg>
</errors>
</robot>
